[I 2025-03-09 11:54:50,175] Trial 4 finished with value: 0.7996739177427433 and parameters: {'n_estimators': 434, 'learning_rate': 0.017132562270170716, 'max_depth': 10, 'num_leaves': 127, 'min_data_in_leaf': 53, 'feature_fraction': 0.8154580786218532, 'bagging_fraction': 0.6630463587477259, 'bagging_freq': 3, 'reg_alpha': 0.7533174770551737, 'reg_lambda': 6.412120812640025}. Best is trial 4 with value: 0.7996739177427433.
[I 2025-03-09 11:55:00,704] Trial 5 finished with value: 0.7987407027711296 and parameters: {'n_estimators': 374, 'learning_rate': 0.02193641384892136, 'max_depth': 9, 'num_leaves': 130, 'min_data_in_leaf': 63, 'feature_fraction': 0.8192885496236901, 'bagging_fraction': 0.6966821637478902, 'bagging_freq': 1, 'reg_alpha': 0.29544059077827445, 'reg_lambda': 5.445513792074115}. Best is trial 4 with value: 0.7996739177427433.
[I 2025-03-09 11:55:12,082] Trial 6 finished with value: 0.7987649577395963 and parameters: {'n_estimators': 381, 'learning_rate': 0.01794351852425868, 'max_depth': 9, 'num_leaves': 126, 'min_data_in_leaf': 69, 'feature_fraction': 0.8436234346793064, 'bagging_fraction': 0.677487410348827, 'bagging_freq': 3, 'reg_alpha': 0.013774586072202943, 'reg_lambda': 9.101011519735541}. Best is trial 4 with value: 0.7996739177427433.
[I 2025-03-09 11:55:24,453] Trial 7 finished with value: 0.7995280584737713 and parameters: {'n_estimators': 408, 'learning_rate': 0.023679983205799355, 'max_depth': 9, 'num_leaves': 126, 'min_data_in_leaf': 68, 'feature_fraction': 0.8551300797636431, 'bagging_fraction': 0.7002913934854411, 'bagging_freq': 2, 'reg_alpha': 0.6362216139099542, 'reg_lambda': 7.689224766307237}. Best is trial 4 with value: 0.7996739177427433.
[I 2025-03-09 11:55:37,683] Trial 8 finished with value: 0.7993139115465325 and parameters: {'n_estimators': 369, 'learning_rate': 0.01828793975970953, 'max_depth': 10, 'num_leaves': 127, 'min_data_in_leaf': 51, 'feature_fraction': 0.8633497457341144, 'bagging_fraction': 0.6705620427089528, 'bagging_freq': 2, 'reg_alpha': 0.860652464141359, 'reg_lambda': 4.620065783941566}. Best is trial 4 with value: 0.7996739177427433.
[I 2025-03-09 11:55:51,938] Trial 9 finished with value: 0.7991259506718139 and parameters: {'n_estimators': 431, 'learning_rate': 0.021506400268801067, 'max_depth': 10, 'num_leaves': 124, 'min_data_in_leaf': 70, 'feature_fraction': 0.8104220929810363, 'bagging_fraction': 0.6892430349495131, 'bagging_freq': 3, 'reg_alpha': 0.8398563135795842, 'reg_lambda': 3.6762882173224645}. Best is trial 4 with value: 0.7996739177427433.
[I 2025-03-09 11:56:02,499] Trial 10 finished with value: 0.7984080885367785 and parameters: {'n_estimators': 422, 'learning_rate': 0.015339995170639241, 'max_depth': 8, 'num_leaves': 137, 'min_data_in_leaf': 56, 'feature_fraction': 0.8002302812639819, 'bagging_fraction': 0.652295499433425, 'bagging_freq': 1, 'reg_alpha': 0.6468585321056572, 'reg_lambda': 1.27205457882968}. Best is trial 4 with value: 0.7996739177427433.
[I 2025-03-09 11:56:15,539] Trial 11 finished with value: 0.7988865215508828 and parameters: {'n_estimators': 410, 'learning_rate': 0.016128423640204795, 'max_depth': 9, 'num_leaves': 120, 'min_data_in_leaf': 64, 'feature_fraction': 0.8698663460125373, 'bagging_fraction': 0.7485919586953939, 'bagging_freq': 2, 'reg_alpha': 0.6110566429629916, 'reg_lambda': 7.188235303266184}. Best is trial 4 with value: 0.7996739177427433.
[I 2025-03-09 11:56:26,713] Trial 12 finished with value: 0.7996069948411396 and parameters: {'n_estimators': 350, 'learning_rate': 0.024617224681757574, 'max_depth': 9, 'num_leaves': 128, 'min_data_in_leaf': 57, 'feature_fraction': 0.8538533581681275, 'bagging_fraction': 0.7240125750104832, 'bagging_freq': 2, 'reg_alpha': 0.6337897922451392, 'reg_lambda': 7.559815060659407}. Best is trial 4 with value: 0.7996739177427433.
[I 2025-03-09 11:56:36,407] Trial 13 finished with value: 0.797323759852922 and parameters: {'n_estimators': 353, 'learning_rate': 0.016887997942745828, 'max_depth': 8, 'num_leaves': 129, 'min_data_in_leaf': 56, 'feature_fraction': 0.8383899942978636, 'bagging_fraction': 0.7294545869019762, 'bagging_freq': 2, 'reg_alpha': 0.955933547490281, 'reg_lambda': 9.829236190186542}. Best is trial 4 with value: 0.7996739177427433.
[I 2025-03-09 11:56:49,080] Trial 14 finished with value: 0.7992410465728724 and parameters: {'n_estimators': 444, 'learning_rate': 0.018653249523641287, 'max_depth': 9, 'num_leaves': 134, 'min_data_in_leaf': 58, 'feature_fraction': 0.8518934293875472, 'bagging_fraction': 0.6500156314230631, 'bagging_freq': 1, 'reg_alpha': 0.4648953430813791, 'reg_lambda': 6.367307455383987}. Best is trial 4 with value: 0.7996739177427433.
[I 2025-03-09 11:57:00,365] Trial 15 finished with value: 0.7991508110051232 and parameters: {'n_estimators': 357, 'learning_rate': 0.02481493443392202, 'max_depth': 9, 'num_leaves': 123, 'min_data_in_leaf': 53, 'feature_fraction': 0.8205089746164761, 'bagging_fraction': 0.7330959564241605, 'bagging_freq': 2, 'reg_alpha': 0.6862605296803119, 'reg_lambda': 5.819298295484553}. Best is trial 4 with value: 0.7996739177427433.
[I 2025-03-09 11:57:13,471] Trial 16 finished with value: 0.7990852333824193 and parameters: {'n_estimators': 394, 'learning_rate': 0.017113367075075585, 'max_depth': 10, 'num_leaves': 128, 'min_data_in_leaf': 59, 'feature_fraction': 0.8354840658401579, 'bagging_fraction': 0.668937588225924, 'bagging_freq': 2, 'reg_alpha': 0.5290714881327652, 'reg_lambda': 8.17843924394311}. Best is trial 4 with value: 0.7996739177427433.
[I 2025-03-09 11:57:24,421] Trial 17 finished with value: 0.7990598440652444 and parameters: {'n_estimators': 421, 'learning_rate': 0.019418782639382827, 'max_depth': 8, 'num_leaves': 124, 'min_data_in_leaf': 53, 'feature_fraction': 0.8584414068185579, 'bagging_fraction': 0.7119250295397451, 'bagging_freq': 1, 'reg_alpha': 0.9823850732085853, 'reg_lambda': 1.686254436899692}. Best is trial 4 with value: 0.7996739177427433.
[I 2025-03-09 11:57:39,342] Trial 18 finished with value: 0.7991667740389375 and parameters: {'n_estimators': 448, 'learning_rate': 0.015115601640934392, 'max_depth': 9, 'num_leaves': 131, 'min_data_in_leaf': 50, 'feature_fraction': 0.8138473642628293, 'bagging_fraction': 0.7410120349316585, 'bagging_freq': 2, 'reg_alpha': 0.731430587893193, 'reg_lambda': 5.177963009051027}. Best is trial 4 with value: 0.7996739177427433.
[I 2025-03-09 11:57:53,654] Trial 19 finished with value: 0.7993223421869088 and parameters: {'n_estimators': 393, 'learning_rate': 0.017110006177217627, 'max_depth': 10, 'num_leaves': 136, 'min_data_in_leaf': 54, 'feature_fraction': 0.8453361732279093, 'bagging_fraction': 0.7243416662263622, 'bagging_freq': 3, 'reg_alpha': 0.2767438731960233, 'reg_lambda': 6.458943105459928}. Best is trial 4 with value: 0.7996739177427433.
[I 2025-03-09 11:58:06,652] Trial 20 finished with value: 0.7988776510205119 and parameters: {'n_estimators': 426, 'learning_rate': 0.023039172075207313, 'max_depth': 9, 'num_leaves': 122, 'min_data_in_leaf': 58, 'feature_fraction': 0.8037025687028634, 'bagging_fraction': 0.6617410573161715, 'bagging_freq': 2, 'reg_alpha': 0.5419236513680132, 'reg_lambda': 2.4351855271464022}. Best is trial 4 with value: 0.7996739177427433.
[I 2025-03-09 11:58:19,253] Trial 21 finished with value: 0.7993774779898531 and parameters: {'n_estimators': 404, 'learning_rate': 0.02424009882390179, 'max_depth': 9, 'num_leaves': 125, 'min_data_in_leaf': 61, 'feature_fraction': 0.8589771857936503, 'bagging_fraction': 0.706632265701793, 'bagging_freq': 2, 'reg_alpha': 0.7544422781447113, 'reg_lambda': 7.508972411545805}. Best is trial 4 with value: 0.7996739177427433.
[I 2025-03-09 11:58:31,932] Trial 22 finished with value: 0.7997316016267852 and parameters: {'n_estimators': 413, 'learning_rate': 0.023275208521210716, 'max_depth': 9, 'num_leaves': 127, 'min_data_in_leaf': 66, 'feature_fraction': 0.8525816860866176, 'bagging_fraction': 0.7030955186838912, 'bagging_freq': 2, 'reg_alpha': 0.6207056770311518, 'reg_lambda': 7.935688756139089}. Best is trial 22 with value: 0.7997316016267852.
[I 2025-03-09 11:58:45,359] Trial 23 finished with value: 0.7998622565296877 and parameters: {'n_estimators': 435, 'learning_rate': 0.022202094519097618, 'max_depth': 9, 'num_leaves': 128, 'min_data_in_leaf': 65, 'feature_fraction': 0.8684549092636386, 'bagging_fraction': 0.7171188197868091, 'bagging_freq': 2, 'reg_alpha': 0.4176575982851147, 'reg_lambda': 8.862267699083649}. Best is trial 23 with value: 0.7998622565296877.
[I 2025-03-09 11:58:58,700] Trial 24 finished with value: 0.7993720423155528 and parameters: {'n_estimators': 437, 'learning_rate': 0.022364436563169773, 'max_depth': 9, 'num_leaves': 130, 'min_data_in_leaf': 66, 'feature_fraction': 0.8686580135641699, 'bagging_fraction': 0.7172085749634295, 'bagging_freq': 2, 'reg_alpha': 0.4194477612021811, 'reg_lambda': 9.207582339196453}. Best is trial 23 with value: 0.7998622565296877.
[I 2025-03-09 11:59:09,270] Trial 25 finished with value: 0.798658115722457 and parameters: {'n_estimators': 432, 'learning_rate': 0.01932484442246306, 'max_depth': 8, 'num_leaves': 127, 'min_data_in_leaf': 65, 'feature_fraction': 0.8633914999067974, 'bagging_fraction': 0.6870070231214751, 'bagging_freq': 1, 'reg_alpha': 0.3042608017768314, 'reg_lambda': 8.544311774044127}. Best is trial 23 with value: 0.7998622565296877.
[I 2025-03-09 11:59:21,666] Trial 26 finished with value: 0.7989543272516677 and parameters: {'n_estimators': 415, 'learning_rate': 0.022746609228103107, 'max_depth': 9, 'num_leaves': 129, 'min_data_in_leaf': 63, 'feature_fraction': 0.8300428512426179, 'bagging_fraction': 0.6998537085004378, 'bagging_freq': 2, 'reg_alpha': 0.1738609540475906, 'reg_lambda': 9.68514642688712}. Best is trial 23 with value: 0.7998622565296877.
[I 2025-03-09 11:59:36,804] Trial 27 finished with value: 0.7986719672965856 and parameters: {'n_estimators': 450, 'learning_rate': 0.020893230868294106, 'max_depth': 10, 'num_leaves': 125, 'min_data_in_leaf': 62, 'feature_fraction': 0.8406179294015385, 'bagging_fraction': 0.7066832450514683, 'bagging_freq': 3, 'reg_alpha': 0.5388010169166683, 'reg_lambda': 8.733677657831839}. Best is trial 23 with value: 0.7998622565296877.
[I 2025-03-09 11:59:49,342] Trial 28 finished with value: 0.7990082743508112 and parameters: {'n_estimators': 416, 'learning_rate': 0.02167856077013291, 'max_depth': 9, 'num_leaves': 134, 'min_data_in_leaf': 66, 'feature_fraction': 0.8483497199529124, 'bagging_fraction': 0.6594609350029363, 'bagging_freq': 2, 'reg_alpha': 0.36420278085073626, 'reg_lambda': 6.168220029243511}. Best is trial 23 with value: 0.7998622565296877.
[I 2025-03-09 12:00:03,851] Trial 29 finished with value: 0.7992892181579091 and parameters: {'n_estimators': 434, 'learning_rate': 0.020061718852562496, 'max_depth': 10, 'num_leaves': 132, 'min_data_in_leaf': 61, 'feature_fraction': 0.8637406654864717, 'bagging_fraction': 0.6752931969265709, 'bagging_freq': 3, 'reg_alpha': 0.7642958411900922, 'reg_lambda': 6.977962367731358}. Best is trial 23 with value: 0.7998622565296877.
[I 2025-03-09 12:00:17,715] Trial 30 finished with value: 0.7988070089636325 and parameters: {'n_estimators': 424, 'learning_rate': 0.01612280056674708, 'max_depth': 10, 'num_leaves': 128, 'min_data_in_leaf': 68, 'feature_fraction': 0.8178926682132526, 'bagging_fraction': 0.6909534708528199, 'bagging_freq': 3, 'reg_alpha': 0.20393779519528274, 'reg_lambda': 8.046629854262228}. Best is trial 23 with value: 0.7998622565296877.
[I 2025-03-09 12:00:30,125] Trial 31 finished with value: 0.7997254125231467 and parameters: {'n_estimators': 398, 'learning_rate': 0.02433106252160841, 'max_depth': 9, 'num_leaves': 128, 'min_data_in_leaf': 59, 'feature_fraction': 0.850901528217459, 'bagging_fraction': 0.7215812336932342, 'bagging_freq': 2, 'reg_alpha': 0.6034360039563396, 'reg_lambda': 7.66215575204226}. Best is trial 23 with value: 0.7998622565296877.
[I 2025-03-09 12:00:42,214] Trial 32 finished with value: 0.7998224770656323 and parameters: {'n_estimators': 395, 'learning_rate': 0.023734748166658857, 'max_depth': 9, 'num_leaves': 126, 'min_data_in_leaf': 65, 'feature_fraction': 0.8502068450144832, 'bagging_fraction': 0.7141494305098984, 'bagging_freq': 2, 'reg_alpha': 0.45464007592093, 'reg_lambda': 7.0225111874207755}. Best is trial 23 with value: 0.7998622565296877.
[I 2025-03-09 12:00:54,268] Trial 33 finished with value: 0.7994895414728808 and parameters: {'n_estimators': 397, 'learning_rate': 0.023950879042977977, 'max_depth': 9, 'num_leaves': 125, 'min_data_in_leaf': 65, 'feature_fraction': 0.8490935512903831, 'bagging_fraction': 0.7148225156728604, 'bagging_freq': 2, 'reg_alpha': 0.46946065682258453, 'reg_lambda': 7.999034794588855}. Best is trial 23 with value: 0.7998622565296877.
[I 2025-03-09 12:01:06,393] Trial 34 finished with value: 0.7995199546783874 and parameters: {'n_estimators': 387, 'learning_rate': 0.023380395669328022, 'max_depth': 9, 'num_leaves': 130, 'min_data_in_leaf': 60, 'feature_fraction': 0.8584178313559491, 'bagging_fraction': 0.7350407723504929, 'bagging_freq': 2, 'reg_alpha': 0.5741600580371373, 'reg_lambda': 9.111359109640658}. Best is trial 23 with value: 0.7998622565296877.
[I 2025-03-09 12:01:18,934] Trial 35 finished with value: 0.7999493260325755 and parameters: {'n_estimators': 402, 'learning_rate': 0.022270189069198455, 'max_depth': 9, 'num_leaves': 122, 'min_data_in_leaf': 63, 'feature_fraction': 0.8415400661750584, 'bagging_fraction': 0.7225408442116908, 'bagging_freq': 2, 'reg_alpha': 0.41377288658594563, 'reg_lambda': 6.815448263962245}. Best is trial 35 with value: 0.7999493260325755.
[I 2025-03-09 12:01:29,256] Trial 36 finished with value: 0.7989277107438263 and parameters: {'n_estimators': 387, 'learning_rate': 0.02247401345870301, 'max_depth': 8, 'num_leaves': 121, 'min_data_in_leaf': 64, 'feature_fraction': 0.8423701127732537, 'bagging_fraction': 0.7099411520730825, 'bagging_freq': 2, 'reg_alpha': 0.40428365769011376, 'reg_lambda': 7.035525847511521}. Best is trial 35 with value: 0.7999493260325755.
[I 2025-03-09 12:01:41,629] Trial 37 finished with value: 0.7996558737254915 and parameters: {'n_estimators': 401, 'learning_rate': 0.02126679083486567, 'max_depth': 9, 'num_leaves': 123, 'min_data_in_leaf': 67, 'feature_fraction': 0.8303785736151629, 'bagging_fraction': 0.7275928667604572, 'bagging_freq': 2, 'reg_alpha': 0.3456246090568863, 'reg_lambda': 4.936339693641762}. Best is trial 35 with value: 0.7999493260325755.
[I 2025-03-09 12:01:51,974] Trial 38 finished with value: 0.7992351295254106 and parameters: {'n_estimators': 374, 'learning_rate': 0.022149295738943385, 'max_depth': 9, 'num_leaves': 120, 'min_data_in_leaf': 63, 'feature_fraction': 0.8339743628536638, 'bagging_fraction': 0.7050735337093929, 'bagging_freq': 1, 'reg_alpha': 0.49331383901893844, 'reg_lambda': 5.88310207659935}. Best is trial 35 with value: 0.7999493260325755.
[I 2025-03-09 12:02:04,357] Trial 39 finished with value: 0.798930962989388 and parameters: {'n_estimators': 409, 'learning_rate': 0.020463178748133064, 'max_depth': 9, 'num_leaves': 122, 'min_data_in_leaf': 66, 'feature_fraction': 0.8457379497666598, 'bagging_fraction': 0.6964275344732239, 'bagging_freq': 2, 'reg_alpha': 0.4488310401018769, 'reg_lambda': 6.826580015521097}. Best is trial 35 with value: 0.7999493260325755.
[I 2025-03-09 12:02:16,745] Trial 40 finished with value: 0.799394172625911 and parameters: {'n_estimators': 416, 'learning_rate': 0.023266613739350177, 'max_depth': 9, 'num_leaves': 126, 'min_data_in_leaf': 68, 'feature_fraction': 0.8246614214882466, 'bagging_fraction': 0.7180373847450503, 'bagging_freq': 2, 'reg_alpha': 0.21843237823083578, 'reg_lambda': 8.652100104613233}. Best is trial 35 with value: 0.7999493260325755.
[I 2025-03-09 12:02:29,147] Trial 41 finished with value: 0.7999229811941753 and parameters: {'n_estimators': 401, 'learning_rate': 0.024929957393331866, 'max_depth': 9, 'num_leaves': 129, 'min_data_in_leaf': 62, 'feature_fraction': 0.8507298916640411, 'bagging_fraction': 0.72209667043856, 'bagging_freq': 2, 'reg_alpha': 0.5915809924745474, 'reg_lambda': 7.653648933689095}. Best is trial 35 with value: 0.7999493260325755.
[I 2025-03-09 12:02:43,204] Trial 42 finished with value: 0.7992352802681443 and parameters: {'n_estimators': 404, 'learning_rate': 0.023578368059276884, 'max_depth': 9, 'num_leaves': 132, 'min_data_in_leaf': 62, 'feature_fraction': 0.8539429601672696, 'bagging_fraction': 0.7136743325429658, 'bagging_freq': 2, 'reg_alpha': 0.354963049854536, 'reg_lambda': 6.6175285099287535}. Best is trial 35 with value: 0.7999493260325755.
[I 2025-03-09 12:02:54,772] Trial 43 finished with value: 0.7991009073810177 and parameters: {'n_estimators': 387, 'learning_rate': 0.023887076834278105, 'max_depth': 9, 'num_leaves': 126, 'min_data_in_leaf': 64, 'feature_fraction': 0.8381002760708083, 'bagging_fraction': 0.7009414106797489, 'bagging_freq': 2, 'reg_alpha': 0.4219449216274233, 'reg_lambda': 7.254746315422637}. Best is trial 35 with value: 0.7999493260325755.
[I 2025-03-09 12:03:06,862] Trial 44 finished with value: 0.7997253652967685 and parameters: {'n_estimators': 394, 'learning_rate': 0.02499551123559937, 'max_depth': 9, 'num_leaves': 140, 'min_data_in_leaf': 65, 'feature_fraction': 0.8564335333508987, 'bagging_fraction': 0.7201432532930839, 'bagging_freq': 2, 'reg_alpha': 0.6847045899464121, 'reg_lambda': 8.078374703295824}. Best is trial 35 with value: 0.7999493260325755.
[I 2025-03-09 12:03:19,415] Trial 45 finished with value: 0.799567564291333 and parameters: {'n_estimators': 406, 'learning_rate': 0.022576094710790938, 'max_depth': 9, 'num_leaves': 129, 'min_data_in_leaf': 70, 'feature_fraction': 0.8432626161536091, 'bagging_fraction': 0.7394687184033474, 'bagging_freq': 2, 'reg_alpha': 0.5819470330713034, 'reg_lambda': 8.910405479416221}. Best is trial 35 with value: 0.7999493260325755.
[I 2025-03-09 12:03:32,277] Trial 46 finished with value: 0.7995600960250008 and parameters: {'n_estimators': 410, 'learning_rate': 0.022991562469647495, 'max_depth': 9, 'num_leaves': 127, 'min_data_in_leaf': 62, 'feature_fraction': 0.866820198102959, 'bagging_fraction': 0.7270122560918755, 'bagging_freq': 2, 'reg_alpha': 0.5186459280155794, 'reg_lambda': 4.234050380974141}. Best is trial 35 with value: 0.7999493260325755.
[I 2025-03-09 12:03:42,427] Trial 47 finished with value: 0.7990880071812431 and parameters: {'n_estimators': 375, 'learning_rate': 0.02193255709015622, 'max_depth': 8, 'num_leaves': 131, 'min_data_in_leaf': 67, 'feature_fraction': 0.8608978314901115, 'bagging_fraction': 0.711527826130032, 'bagging_freq': 2, 'reg_alpha': 0.10513692406019559, 'reg_lambda': 8.34722147228668}. Best is trial 35 with value: 0.7999493260325755.
[I 2025-03-09 12:03:54,106] Trial 48 finished with value: 0.7995869437660751 and parameters: {'n_estimators': 413, 'learning_rate': 0.02438665384852526, 'max_depth': 9, 'num_leaves': 124, 'min_data_in_leaf': 63, 'feature_fraction': 0.8509958390987834, 'bagging_fraction': 0.7343321218907437, 'bagging_freq': 1, 'reg_alpha': 0.31202500308350123, 'reg_lambda': 7.4777923172135985}. Best is trial 35 with value: 0.7999493260325755.
[I 2025-03-09 12:04:06,907] Trial 49 finished with value: 0.7993967088073447 and parameters: {'n_estimators': 427, 'learning_rate': 0.02104700437156146, 'max_depth': 9, 'num_leaves': 126, 'min_data_in_leaf': 69, 'feature_fraction': 0.8467363373040926, 'bagging_fraction': 0.7032926609335562, 'bagging_freq': 2, 'reg_alpha': 0.6787315547648214, 'reg_lambda': 9.497138272904131}. Best is trial 35 with value: 0.7999493260325755.
[I 2025-03-09 12:04:19,087] Trial 50 finished with value: 0.7993159594658428 and parameters: {'n_estimators': 391, 'learning_rate': 0.023883443081781426, 'max_depth': 9, 'num_leaves': 130, 'min_data_in_leaf': 64, 'feature_fraction': 0.8660700367637256, 'bagging_fraction': 0.7306041172990583, 'bagging_freq': 2, 'reg_alpha': 0.483843661593393, 'reg_lambda': 5.590883662563291}. Best is trial 35 with value: 0.7999493260325755.
[I 2025-03-09 12:04:31,387] Trial 51 finished with value: 0.799702939286322 and parameters: {'n_estimators': 396, 'learning_rate': 0.024447665752182327, 'max_depth': 9, 'num_leaves': 128, 'min_data_in_leaf': 60, 'feature_fraction': 0.8513762531392705, 'bagging_fraction': 0.72118719078697, 'bagging_freq': 2, 'reg_alpha': 0.5905705887088308, 'reg_lambda': 7.711799078777592}. Best is trial 35 with value: 0.7999493260325755.
[I 2025-03-09 12:04:43,340] Trial 52 finished with value: 0.7997247778784073 and parameters: {'n_estimators': 382, 'learning_rate': 0.024193017323069714, 'max_depth': 9, 'num_leaves': 129, 'min_data_in_leaf': 59, 'feature_fraction': 0.840288285354171, 'bagging_fraction': 0.7233563943414161, 'bagging_freq': 2, 'reg_alpha': 0.6405511670750702, 'reg_lambda': 7.8604540916563685}. Best is trial 35 with value: 0.7999493260325755.
[I 2025-03-09 12:04:55,546] Trial 53 finished with value: 0.79972583323055 and parameters: {'n_estimators': 399, 'learning_rate': 0.023451774742875017, 'max_depth': 9, 'num_leaves': 127, 'min_data_in_leaf': 65, 'feature_fraction': 0.8556596683199416, 'bagging_fraction': 0.7147299604297349, 'bagging_freq': 2, 'reg_alpha': 0.569630612799588, 'reg_lambda': 7.242409042756029}. Best is trial 35 with value: 0.7999493260325755.
[I 2025-03-09 12:05:07,820] Trial 54 finished with value: 0.799897288390385 and parameters: {'n_estimators': 400, 'learning_rate': 0.023436731711797484, 'max_depth': 9, 'num_leaves': 127, 'min_data_in_leaf': 65, 'feature_fraction': 0.8560730053844502, 'bagging_fraction': 0.7169485692871109, 'bagging_freq': 2, 'reg_alpha': 0.5562057316811251, 'reg_lambda': 6.148991317280603}. Best is trial 35 with value: 0.7999493260325755.
