[I 2025-03-09 09:38:22,354] A new study created in memory with name: no-name-b6ce3a32-4c19-4560-8ddf-b435e8f944a3
[I 2025-03-09 09:38:49,831] Trial 0 finished with value: 0.7978453944585961 and parameters: {'n_estimators': 357, 'learning_rate': 0.022515555863062028, 'max_depth': 10, 'num_leaves': 132, 'min_data_in_leaf': 92, 'feature_fraction': 0.5101161853298303, 'bagging_fraction': 0.7873171620488637, 'bagging_freq': 4}. Best is trial 0 with value: 0.7978453944585961.
[I 2025-03-09 09:39:01,314] Trial 1 finished with value: 0.7582747963474645 and parameters: {'n_estimators': 279, 'learning_rate': 0.006046518144142034, 'max_depth': 4, 'num_leaves': 78, 'min_data_in_leaf': 74, 'feature_fraction': 0.9621965164003514, 'bagging_fraction': 0.840139189166969, 'bagging_freq': 6}. Best is trial 0 with value: 0.7978453944585961.
[I 2025-03-09 09:39:07,189] Trial 2 finished with value: 0.7705799403643336 and parameters: {'n_estimators': 163, 'learning_rate': 0.027256747283386142, 'max_depth': 3, 'num_leaves': 45, 'min_data_in_leaf': 96, 'feature_fraction': 0.7483487664506097, 'bagging_fraction': 0.9671394751002521, 'bagging_freq': 8}. Best is trial 0 with value: 0.7978453944585961.
[I 2025-03-09 09:39:52,314] Trial 3 finished with value: 0.7838538683857026 and parameters: {'n_estimators': 491, 'learning_rate': 0.0011458351067423957, 'max_depth': 9, 'num_leaves': 129, 'min_data_in_leaf': 53, 'feature_fraction': 0.5287345983264726, 'bagging_fraction': 0.8814107183610866, 'bagging_freq': 3}. Best is trial 0 with value: 0.7978453944585961.
[I 2025-03-09 09:40:04,689] Trial 4 finished with value: 0.7478249404702041 and parameters: {'n_estimators': 323, 'learning_rate': 0.0016415571485619352, 'max_depth': 4, 'num_leaves': 98, 'min_data_in_leaf': 24, 'feature_fraction': 0.6453608544327196, 'bagging_fraction': 0.9790455682935031, 'bagging_freq': 4}. Best is trial 0 with value: 0.7978453944585961.
[I 2025-03-09 09:40:20,248] Trial 5 finished with value: 0.7863029479740286 and parameters: {'n_estimators': 420, 'learning_rate': 0.08119022138701741, 'max_depth': 6, 'num_leaves': 36, 'min_data_in_leaf': 32, 'feature_fraction': 0.5384354507208902, 'bagging_fraction': 0.5170439866357537, 'bagging_freq': 9}. Best is trial 0 with value: 0.7978453944585961.
[I 2025-03-09 09:40:28,411] Trial 6 finished with value: 0.7839761617679647 and parameters: {'n_estimators': 245, 'learning_rate': 0.040516428274180734, 'max_depth': 3, 'num_leaves': 133, 'min_data_in_leaf': 75, 'feature_fraction': 0.9798232467390937, 'bagging_fraction': 0.8024539966095314, 'bagging_freq': 4}. Best is trial 0 with value: 0.7978453944585961.
[I 2025-03-09 09:40:36,721] Trial 7 finished with value: 0.746404294203504 and parameters: {'n_estimators': 317, 'learning_rate': 0.004392320101962806, 'max_depth': 3, 'num_leaves': 67, 'min_data_in_leaf': 24, 'feature_fraction': 0.642398504971176, 'bagging_fraction': 0.5776147393616251, 'bagging_freq': 5}. Best is trial 0 with value: 0.7978453944585961.
[I 2025-03-09 09:40:43,663] Trial 8 finished with value: 0.7289270732136265 and parameters: {'n_estimators': 205, 'learning_rate': 0.0017917855532125473, 'max_depth': 3, 'num_leaves': 145, 'min_data_in_leaf': 59, 'feature_fraction': 0.6665500353985171, 'bagging_fraction': 0.9226959096209292, 'bagging_freq': 5}. Best is trial 0 with value: 0.7978453944585961.
[I 2025-03-09 09:41:25,700] Trial 9 finished with value: 0.7898910888412578 and parameters: {'n_estimators': 441, 'learning_rate': 0.0038369394534991433, 'max_depth': 10, 'num_leaves': 133, 'min_data_in_leaf': 95, 'feature_fraction': 0.626897917262144, 'bagging_fraction': 0.7303253272177161, 'bagging_freq': 10}. Best is trial 0 with value: 0.7978453944585961.
[I 2025-03-09 09:41:51,529] Trial 10 finished with value: 0.7976316329072279 and parameters: {'n_estimators': 381, 'learning_rate': 0.015154432386316192, 'max_depth': 8, 'num_leaves': 110, 'min_data_in_leaf': 79, 'feature_fraction': 0.8533787369959274, 'bagging_fraction': 0.7018657503279317, 'bagging_freq': 1}. Best is trial 0 with value: 0.7978453944585961.
[I 2025-03-09 09:42:17,432] Trial 11 finished with value: 0.7975611024953905 and parameters: {'n_estimators': 386, 'learning_rate': 0.014452494293191643, 'max_depth': 8, 'num_leaves': 109, 'min_data_in_leaf': 79, 'feature_fraction': 0.8640191861503059, 'bagging_fraction': 0.6712656449043202, 'bagging_freq': 1}. Best is trial 0 with value: 0.7978453944585961.
[I 2025-03-09 09:42:38,310] Trial 12 finished with value: 0.7960388204188334 and parameters: {'n_estimators': 367, 'learning_rate': 0.014387872527560528, 'max_depth': 7, 'num_leaves': 108, 'min_data_in_leaf': 100, 'feature_fraction': 0.843582226289151, 'bagging_fraction': 0.689134788289505, 'bagging_freq': 1}. Best is trial 0 with value: 0.7978453944585961.
[I 2025-03-09 09:43:06,828] Trial 13 finished with value: 0.7977575461198579 and parameters: {'n_estimators': 358, 'learning_rate': 0.0269121277462042, 'max_depth': 10, 'num_leaves': 117, 'min_data_in_leaf': 85, 'feature_fraction': 0.797778781295973, 'bagging_fraction': 0.6277487463773068, 'bagging_freq': 2}. Best is trial 0 with value: 0.7978453944585961.
[I 2025-03-09 09:43:17,092] Trial 14 finished with value: 0.7945472614583137 and parameters: {'n_estimators': 100, 'learning_rate': 0.045952928093422565, 'max_depth': 10, 'num_leaves': 150, 'min_data_in_leaf': 57, 'feature_fraction': 0.7597523129083698, 'bagging_fraction': 0.6053072297280192, 'bagging_freq': 3}. Best is trial 0 with value: 0.7978453944585961.
[I 2025-03-09 09:43:40,436] Trial 15 finished with value: 0.78610930855837 and parameters: {'n_estimators': 340, 'learning_rate': 0.0985263282786272, 'max_depth': 9, 'num_leaves': 121, 'min_data_in_leaf': 88, 'feature_fraction': 0.7725600649888514, 'bagging_fraction': 0.7695768028770771, 'bagging_freq': 7}. Best is trial 0 with value: 0.7978453944585961.
[I 2025-03-09 09:44:02,290] Trial 16 finished with value: 0.7978197138857858 and parameters: {'n_estimators': 269, 'learning_rate': 0.025834757717313528, 'max_depth': 10, 'num_leaves': 89, 'min_data_in_leaf': 44, 'feature_fraction': 0.7006788597814616, 'bagging_fraction': 0.629513099541617, 'bagging_freq': 3}. Best is trial 0 with value: 0.7978453944585961.
[I 2025-03-09 09:44:15,012] Trial 17 finished with value: 0.7850400222439505 and parameters: {'n_estimators': 266, 'learning_rate': 0.008093868199196561, 'max_depth': 6, 'num_leaves': 58, 'min_data_in_leaf': 41, 'feature_fraction': 0.5887835340975487, 'bagging_fraction': 0.5052786442979643, 'bagging_freq': 3}. Best is trial 0 with value: 0.7978453944585961.
[I 2025-03-09 09:44:31,024] Trial 18 finished with value: 0.7963947332799673 and parameters: {'n_estimators': 196, 'learning_rate': 0.02476973460968843, 'max_depth': 9, 'num_leaves': 81, 'min_data_in_leaf': 10, 'feature_fraction': 0.7055513166035162, 'bagging_fraction': 0.7712484780679785, 'bagging_freq': 6}. Best is trial 0 with value: 0.7978453944585961.
[I 2025-03-09 09:44:46,073] Trial 19 finished with value: 0.7952217496186931 and parameters: {'n_estimators': 232, 'learning_rate': 0.054392236263392096, 'max_depth': 8, 'num_leaves': 94, 'min_data_in_leaf': 65, 'feature_fraction': 0.5648938216455696, 'bagging_fraction': 0.8376338721030572, 'bagging_freq': 4}. Best is trial 0 with value: 0.7978453944585961.
[I 2025-03-09 09:45:00,964] Trial 20 finished with value: 0.7848365949045353 and parameters: {'n_estimators': 290, 'learning_rate': 0.009912695172449245, 'max_depth': 7, 'num_leaves': 23, 'min_data_in_leaf': 46, 'feature_fraction': 0.9100738619016009, 'bagging_fraction': 0.6227582782114164, 'bagging_freq': 2}. Best is trial 0 with value: 0.7978453944585961.
[I 2025-03-09 09:45:34,631] Trial 21 finished with value: 0.7972198122854183 and parameters: {'n_estimators': 425, 'learning_rate': 0.027318155174703106, 'max_depth': 10, 'num_leaves': 122, 'min_data_in_leaf': 88, 'feature_fraction': 0.8009050005569832, 'bagging_fraction': 0.6286959112093329, 'bagging_freq': 3}. Best is trial 0 with value: 0.7978453944585961.
[I 2025-03-09 09:45:59,825] Trial 22 finished with value: 0.7963356078064906 and parameters: {'n_estimators': 368, 'learning_rate': 0.020711952255416534, 'max_depth': 10, 'num_leaves': 94, 'min_data_in_leaf': 68, 'feature_fraction': 0.5045813732095643, 'bagging_fraction': 0.5512089941830143, 'bagging_freq': 2}. Best is trial 0 with value: 0.7978453944585961.
[I 2025-03-09 09:46:24,599] Trial 23 finished with value: 0.7972935528934016 and parameters: {'n_estimators': 338, 'learning_rate': 0.031942275203532586, 'max_depth': 9, 'num_leaves': 119, 'min_data_in_leaf': 86, 'feature_fraction': 0.7206467726229692, 'bagging_fraction': 0.6622786974549717, 'bagging_freq': 2}. Best is trial 0 with value: 0.7978453944585961.
[I 2025-03-09 09:47:11,305] Trial 24 finished with value: 0.7894628996175621 and parameters: {'n_estimators': 481, 'learning_rate': 0.06255841634746553, 'max_depth': 10, 'num_leaves': 141, 'min_data_in_leaf': 45, 'feature_fraction': 0.8066127028141237, 'bagging_fraction': 0.7206960892313862, 'bagging_freq': 4}. Best is trial 0 with value: 0.7978453944585961.
[I 2025-03-09 09:47:36,782] Trial 25 finished with value: 0.7973426113064219 and parameters: {'n_estimators': 299, 'learning_rate': 0.016477200451573887, 'max_depth': 9, 'num_leaves': 104, 'min_data_in_leaf': 38, 'feature_fraction': 0.6927239713996249, 'bagging_fraction': 0.5682895342892824, 'bagging_freq': 2}. Best is trial 0 with value: 0.7978453944585961.
[I 2025-03-09 09:48:02,706] Trial 26 finished with value: 0.7960486996544706 and parameters: {'n_estimators': 405, 'learning_rate': 0.033532198725921544, 'max_depth': 8, 'num_leaves': 72, 'min_data_in_leaf': 66, 'feature_fraction': 0.5992117518542348, 'bagging_fraction': 0.6488823010899616, 'bagging_freq': 5}. Best is trial 0 with value: 0.7978453944585961.
[I 2025-03-09 09:48:46,501] Trial 27 finished with value: 0.7975551643894869 and parameters: {'n_estimators': 459, 'learning_rate': 0.010968139340526232, 'max_depth': 10, 'num_leaves': 88, 'min_data_in_leaf': 86, 'feature_fraction': 0.8993444545027691, 'bagging_fraction': 0.7941391524053174, 'bagging_freq': 3}. Best is trial 0 with value: 0.7978453944585961.
[I 2025-03-09 09:49:17,857] Trial 28 finished with value: 0.798418069814114 and parameters: {'n_estimators': 350, 'learning_rate': 0.021144418042343065, 'max_depth': 9, 'num_leaves': 118, 'min_data_in_leaf': 51, 'feature_fraction': 0.8220346672939186, 'bagging_fraction': 0.7348018910065313, 'bagging_freq': 2}. Best is trial 28 with value: 0.798418069814114.
[I 2025-03-09 09:49:50,589] Trial 29 finished with value: 0.7881980349807597 and parameters: {'n_estimators': 273, 'learning_rate': 0.00600907852146756, 'max_depth': 9, 'num_leaves': 138, 'min_data_in_leaf': 52, 'feature_fraction': 0.9255057791497483, 'bagging_fraction': 0.8486151040274282, 'bagging_freq': 6}. Best is trial 28 with value: 0.798418069814114.
[I 2025-03-09 09:50:13,042] Trial 30 finished with value: 0.7960125345100953 and parameters: {'n_estimators': 315, 'learning_rate': 0.019532468384394274, 'max_depth': 7, 'num_leaves': 60, 'min_data_in_leaf': 32, 'feature_fraction': 0.948676608080754, 'bagging_fraction': 0.7394932460568926, 'bagging_freq': 7}. Best is trial 28 with value: 0.798418069814114.
[I 2025-03-09 09:50:43,534] Trial 31 finished with value: 0.7954819088750417 and parameters: {'n_estimators': 349, 'learning_rate': 0.03893676069736567, 'max_depth': 10, 'num_leaves': 119, 'min_data_in_leaf': 48, 'feature_fraction': 0.7835560736054328, 'bagging_fraction': 0.5989589129986492, 'bagging_freq': 2}. Best is trial 28 with value: 0.798418069814114.
[I 2025-03-09 09:51:09,030] Trial 32 finished with value: 0.7982120864902097 and parameters: {'n_estimators': 359, 'learning_rate': 0.022179944861541845, 'max_depth': 9, 'num_leaves': 127, 'min_data_in_leaf': 93, 'feature_fraction': 0.8241161595722872, 'bagging_fraction': 0.6952889753260054, 'bagging_freq': 1}. Best is trial 28 with value: 0.798418069814114.
[I 2025-03-09 09:51:39,918] Trial 33 finished with value: 0.7991524976117391 and parameters: {'n_estimators': 396, 'learning_rate': 0.020003788249254698, 'max_depth': 9, 'num_leaves': 127, 'min_data_in_leaf': 60, 'feature_fraction': 0.8348546875727885, 'bagging_fraction': 0.7032899347211735, 'bagging_freq': 1}. Best is trial 33 with value: 0.7991524976117391.
[I 2025-03-09 09:52:07,694] Trial 34 finished with value: 0.7958285643347957 and parameters: {'n_estimators': 390, 'learning_rate': 0.009969138603633318, 'max_depth': 8, 'num_leaves': 129, 'min_data_in_leaf': 94, 'feature_fraction': 0.822154810776532, 'bagging_fraction': 0.8165281739021134, 'bagging_freq': 1}. Best is trial 33 with value: 0.7991524976117391.
[I 2025-03-09 09:52:26,066] Trial 35 finished with value: 0.7941423817297686 and parameters: {'n_estimators': 453, 'learning_rate': 0.02024415095055918, 'max_depth': 5, 'num_leaves': 127, 'min_data_in_leaf': 74, 'feature_fraction': 0.865700805716617, 'bagging_fraction': 0.7710501861484947, 'bagging_freq': 1}. Best is trial 33 with value: 0.7991524976117391.
[I 2025-03-09 09:53:02,286] Trial 36 finished with value: 0.7978706214285459 and parameters: {'n_estimators': 416, 'learning_rate': 0.012099560538229078, 'max_depth': 9, 'num_leaves': 140, 'min_data_in_leaf': 60, 'feature_fraction': 0.7325346799391347, 'bagging_fraction': 0.6991799157093105, 'bagging_freq': 1}. Best is trial 33 with value: 0.7991524976117391.
[I 2025-03-09 09:53:40,563] Trial 37 finished with value: 0.7962395186629824 and parameters: {'n_estimators': 409, 'learning_rate': 0.008074264147213132, 'max_depth': 9, 'num_leaves': 150, 'min_data_in_leaf': 60, 'feature_fraction': 0.8873317450957846, 'bagging_fraction': 0.7056912228342136, 'bagging_freq': 1}. Best is trial 33 with value: 0.7991524976117391.
[I 2025-03-09 09:54:11,030] Trial 38 finished with value: 0.7974313978030199 and parameters: {'n_estimators': 431, 'learning_rate': 0.011730048826370154, 'max_depth': 8, 'num_leaves': 139, 'min_data_in_leaf': 71, 'feature_fraction': 0.8330721107305326, 'bagging_fraction': 0.6836749073532036, 'bagging_freq': 1}. Best is trial 33 with value: 0.7991524976117391.
[I 2025-03-09 09:54:55,075] Trial 39 finished with value: 0.7923874822653348 and parameters: {'n_estimators': 467, 'learning_rate': 0.004529674916447532, 'max_depth': 9, 'num_leaves': 101, 'min_data_in_leaf': 52, 'feature_fraction': 0.7540856161717222, 'bagging_fraction': 0.7353819153133312, 'bagging_freq': 2}. Best is trial 33 with value: 0.7991524976117391.
[I 2025-03-09 09:55:36,631] Trial 40 finished with value: 0.7931928703590505 and parameters: {'n_estimators': 500, 'learning_rate': 0.006510828028962034, 'max_depth': 7, 'num_leaves': 134, 'min_data_in_leaf': 36, 'feature_fraction': 0.9999671683787699, 'bagging_fraction': 0.8956106419378553, 'bagging_freq': 1}. Best is trial 33 with value: 0.7991524976117391.
[I 2025-03-09 09:56:09,462] Trial 41 finished with value: 0.7988973276157839 and parameters: {'n_estimators': 395, 'learning_rate': 0.020281446838839055, 'max_depth': 9, 'num_leaves': 114, 'min_data_in_leaf': 61, 'feature_fraction': 0.7351225183917651, 'bagging_fraction': 0.7469716297867763, 'bagging_freq': 2}. Best is trial 33 with value: 0.7991524976117391.
[I 2025-03-09 09:56:43,090] Trial 42 finished with value: 0.7990602302266349 and parameters: {'n_estimators': 404, 'learning_rate': 0.017624695980124293, 'max_depth': 9, 'num_leaves': 113, 'min_data_in_leaf': 63, 'feature_fraction': 0.7292288383430525, 'bagging_fraction': 0.7506073856771466, 'bagging_freq': 2}. Best is trial 33 with value: 0.7991524976117391.
[I 2025-03-09 09:57:12,465] Trial 43 finished with value: 0.7982242936396645 and parameters: {'n_estimators': 391, 'learning_rate': 0.017779999193466022, 'max_depth': 8, 'num_leaves': 110, 'min_data_in_leaf': 63, 'feature_fraction': 0.7351173378046946, 'bagging_fraction': 0.7541180025293437, 'bagging_freq': 2}. Best is trial 33 with value: 0.7991524976117391.
[I 2025-03-09 09:57:43,406] Trial 44 finished with value: 0.7975978522003762 and parameters: {'n_estimators': 393, 'learning_rate': 0.013656718772455187, 'max_depth': 8, 'num_leaves': 114, 'min_data_in_leaf': 63, 'feature_fraction': 0.7352470198335989, 'bagging_fraction': 0.7540553073781763, 'bagging_freq': 3}. Best is trial 33 with value: 0.7991524976117391.
[I 2025-03-09 09:58:16,708] Trial 45 finished with value: 0.7989259829865644 and parameters: {'n_estimators': 442, 'learning_rate': 0.01750976904078468, 'max_depth': 8, 'num_leaves': 105, 'min_data_in_leaf': 55, 'feature_fraction': 0.6806862192859736, 'bagging_fraction': 0.8149550327763204, 'bagging_freq': 2}. Best is trial 33 with value: 0.7991524976117391.
[I 2025-03-09 09:58:53,876] Trial 46 finished with value: 0.7974520469612046 and parameters: {'n_estimators': 476, 'learning_rate': 0.034153611944390504, 'max_depth': 9, 'num_leaves': 104, 'min_data_in_leaf': 54, 'feature_fraction': 0.668345501308254, 'bagging_fraction': 0.8193109691242287, 'bagging_freq': 4}. Best is trial 33 with value: 0.7991524976117391.
[I 2025-03-09 09:59:26,191] Trial 47 finished with value: 0.7987559137864091 and parameters: {'n_estimators': 444, 'learning_rate': 0.017715131087689892, 'max_depth': 8, 'num_leaves': 96, 'min_data_in_leaf': 56, 'feature_fraction': 0.6638078638292654, 'bagging_fraction': 0.8705400676698509, 'bagging_freq': 9}. Best is trial 33 with value: 0.7991524976117391.
[I 2025-03-09 09:59:50,031] Trial 48 finished with value: 0.7957158419679541 and parameters: {'n_estimators': 442, 'learning_rate': 0.016872965106249322, 'max_depth': 6, 'num_leaves': 95, 'min_data_in_leaf': 57, 'feature_fraction': 0.6582244910350953, 'bagging_fraction': 0.9426201526076338, 'bagging_freq': 10}. Best is trial 33 with value: 0.7991524976117391.
[I 2025-03-09 10:00:19,742] Trial 49 finished with value: 0.7934863032172857 and parameters: {'n_estimators': 435, 'learning_rate': 0.008220867895493067, 'max_depth': 7, 'num_leaves': 112, 'min_data_in_leaf': 69, 'feature_fraction': 0.6362165370901457, 'bagging_fraction': 0.877169351507078, 'bagging_freq': 9}. Best is trial 33 with value: 0.7991524976117391.
Best trial:
  Value:  0.7991524976117391
  Params: 
    n_estimators: 396
    learning_rate: 0.020003788249254698
    max_depth: 9
    num_leaves: 127
    min_data_in_leaf: 60
    feature_fraction: 0.8348546875727885
    bagging_fraction: 0.7032899347211735
    bagging_freq: 1


    import optuna
import lightgbm as lgb
from sklearn.model_selection import cross_val_score, StratifiedKFold
import numpy as np

def objective(trial):
    params = {
        'n_estimators': trial.suggest_int('n_estimators', 100, 500),
        'learning_rate': trial.suggest_float('learning_rate', 0.001, 0.1, log=True),
        'max_depth': trial.suggest_int('max_depth', 3, 10),
        'num_leaves': trial.suggest_int('num_leaves', 20, 150),
        'min_data_in_leaf': trial.suggest_int('min_data_in_leaf', 10, 100),
        'feature_fraction': trial.suggest_float('feature_fraction', 0.5, 1.0),
        'bagging_fraction': trial.suggest_float('bagging_fraction', 0.5, 1.0),
        'bagging_freq': trial.suggest_int('bagging_freq', 1, 10),
        'objective': 'binary',
        'random_state': 42,
        'metric': 'auc',
        'verbose': -1
    }
    
    model = lgb.LGBMClassifier(**params)
    cv = StratifiedKFold(n_splits=3, shuffle=True, random_state=42)
    auc = cross_val_score(model, X_train, y_train, scoring='roc_auc', cv=cv, n_jobs=-1).mean()
    return auc

# Create the study (we want to maximize AUROC)
study = optuna.create_study(direction='maximize')
study.optimize(objective, n_trials=50)

print("Best trial:")
print("  Value: ", study.best_trial.value)
print("  Params: ")
for key, value in study.best_trial.params.items():
    print(f"    {key}: {value}")


FURTHER OPTIMZING

[I 2025-03-09 11:53:41,605] A new study created in memory with name: no-name-275ef3ec-b6b8-43b9-973c-6bb041e10dff
[I 2025-03-09 11:53:55,484] Trial 0 finished with value: 0.7990888128235657 and parameters: {'n_estimators': 403, 'learning_rate': 0.02073989443889714, 'max_depth': 10, 'num_leaves': 133, 'min_data_in_leaf': 61, 'feature_fraction': 0.8093592791388252, 'bagging_fraction': 0.6938079026283572, 'bagging_freq': 3, 'reg_alpha': 0.05300744162170534, 'reg_lambda': 6.857022541470532}. Best is trial 0 with value: 0.7990888128235657.
[I 2025-03-09 11:54:05,992] Trial 1 finished with value: 0.7984915924884891 and parameters: {'n_estimators': 381, 'learning_rate': 0.0208461581834814, 'max_depth': 8, 'num_leaves': 121, 'min_data_in_leaf': 55, 'feature_fraction': 0.8258047716775422, 'bagging_fraction': 0.7081588623949743, 'bagging_freq': 3, 'reg_alpha': 0.10694431026302686, 'reg_lambda': 8.427245819776527}. Best is trial 0 with value: 0.7990888128235657.
[I 2025-03-09 11:54:19,559] Trial 2 finished with value: 0.7989641449709688 and parameters: {'n_estimators': 383, 'learning_rate': 0.020100717400762375, 'max_depth': 10, 'num_leaves': 132, 'min_data_in_leaf': 51, 'feature_fraction': 0.8298597456090386, 'bagging_fraction': 0.6825057669858338, 'bagging_freq': 3, 'reg_alpha': 0.8216274460865721, 'reg_lambda': 3.8186771988603754}. Best is trial 0 with value: 0.7990888128235657.
[I 2025-03-09 11:54:35,260] Trial 3 finished with value: 0.7992311702058288 and parameters: {'n_estimators': 441, 'learning_rate': 0.023332188812971784, 'max_depth': 10, 'num_leaves': 139, 'min_data_in_leaf': 67, 'feature_fraction': 0.8468291017958098, 'bagging_fraction': 0.7187084413953982, 'bagging_freq': 3, 'reg_alpha': 0.38335864521061414, 'reg_lambda': 3.5988925512830683}. Best is trial 3 with value: 0.7992311702058288.
