[I 2025-03-09 12:16:18,786] Trial 106 finished with value: 0.8001826519293718 and parameters: {'n_estimators': 448, 'learning_rate': 0.023409684453240064, 'max_depth': 9, 'num_leaves': 135, 'min_data_in_leaf': 63, 'feature_fraction': 0.841337265857663, 'bagging_fraction': 0.7036037774826965, 'bagging_freq': 2, 'reg_alpha': 0.6100676978306651, 'reg_lambda': 8.564494527435013}. Best is trial 106 with value: 0.8001826519293718.
[I 2025-03-09 12:16:32,301] Trial 107 finished with value: 0.7993609038708757 and parameters: {'n_estimators': 447, 'learning_rate': 0.02460994041172614, 'max_depth': 9, 'num_leaves': 137, 'min_data_in_leaf': 60, 'feature_fraction': 0.8350948063465187, 'bagging_fraction': 0.7046079222170689, 'bagging_freq': 2, 'reg_alpha': 0.6166849054838905, 'reg_lambda': 8.710972188993734}. Best is trial 106 with value: 0.8001826519293718.
[I 2025-03-09 12:16:46,171] Trial 108 finished with value: 0.7999640567324953 and parameters: {'n_estimators': 445, 'learning_rate': 0.023483916919026272, 'max_depth': 9, 'num_leaves': 135, 'min_data_in_leaf': 62, 'feature_fraction': 0.8414584305704942, 'bagging_fraction': 0.7138590562194198, 'bagging_freq': 2, 'reg_alpha': 0.6572152167282709, 'reg_lambda': 8.13744977223062}. Best is trial 106 with value: 0.8001826519293718.
[I 2025-03-09 12:16:59,646] Trial 109 finished with value: 0.7992441538972228 and parameters: {'n_estimators': 448, 'learning_rate': 0.022907228126041297, 'max_depth': 9, 'num_leaves': 135, 'min_data_in_leaf': 61, 'feature_fraction': 0.8386840181596993, 'bagging_fraction': 0.6930079431140549, 'bagging_freq': 2, 'reg_alpha': 0.6707388719865469, 'reg_lambda': 8.23736675248569}. Best is trial 106 with value: 0.8001826519293718.
[I 2025-03-09 12:17:13,571] Trial 110 finished with value: 0.7995821598938608 and parameters: {'n_estimators': 445, 'learning_rate': 0.023453382657530695, 'max_depth': 9, 'num_leaves': 138, 'min_data_in_leaf': 58, 'feature_fraction': 0.8418861529906517, 'bagging_fraction': 0.7136589210793958, 'bagging_freq': 2, 'reg_alpha': 0.8004355593684371, 'reg_lambda': 9.017244360046856}. Best is trial 106 with value: 0.8001826519293718.
[I 2025-03-09 12:17:27,274] Trial 111 finished with value: 0.7997720970465382 and parameters: {'n_estimators': 442, 'learning_rate': 0.023163637085553, 'max_depth': 9, 'num_leaves': 134, 'min_data_in_leaf': 62, 'feature_fraction': 0.8403335507989557, 'bagging_fraction': 0.700888904289906, 'bagging_freq': 2, 'reg_alpha': 0.6357496443955366, 'reg_lambda': 8.562409618843983}. Best is trial 106 with value: 0.8001826519293718.
[I 2025-03-09 12:17:40,520] Trial 112 finished with value: 0.7998778580267177 and parameters: {'n_estimators': 438, 'learning_rate': 0.023464763475805412, 'max_depth': 9, 'num_leaves': 136, 'min_data_in_leaf': 62, 'feature_fraction': 0.8364543773552284, 'bagging_fraction': 0.710295976078823, 'bagging_freq': 2, 'reg_alpha': 0.5961776185178534, 'reg_lambda': 7.9701701955414705}. Best is trial 106 with value: 0.8001826519293718.
[I 2025-03-09 12:17:54,593] Trial 113 finished with value: 0.799888171152519 and parameters: {'n_estimators': 448, 'learning_rate': 0.023902431113983966, 'max_depth': 9, 'num_leaves': 133, 'min_data_in_leaf': 63, 'feature_fraction': 0.8432829600000861, 'bagging_fraction': 0.7286573816747572, 'bagging_freq': 2, 'reg_alpha': 0.7021678470065604, 'reg_lambda': 7.682001120937675}. Best is trial 106 with value: 0.8001826519293718.
[I 2025-03-09 12:18:08,849] Trial 114 finished with value: 0.799845473684071 and parameters: {'n_estimators': 445, 'learning_rate': 0.022561058005909893, 'max_depth': 9, 'num_leaves': 135, 'min_data_in_leaf': 59, 'feature_fraction': 0.8411468871068053, 'bagging_fraction': 0.7238390923370633, 'bagging_freq': 2, 'reg_alpha': 0.6496381319525922, 'reg_lambda': 7.448325869199617}. Best is trial 106 with value: 0.8001826519293718.
[I 2025-03-09 12:18:22,969] Trial 115 finished with value: 0.7990370804631205 and parameters: {'n_estimators': 450, 'learning_rate': 0.015973286323138994, 'max_depth': 9, 'num_leaves': 134, 'min_data_in_leaf': 61, 'feature_fraction': 0.8381759550472475, 'bagging_fraction': 0.7210668821937153, 'bagging_freq': 2, 'reg_alpha': 0.6099304637744302, 'reg_lambda': 7.794658404248943}. Best is trial 106 with value: 0.8001826519293718.
[I 2025-03-09 12:18:36,594] Trial 116 finished with value: 0.7996216667619952 and parameters: {'n_estimators': 439, 'learning_rate': 0.02317818108246604, 'max_depth': 9, 'num_leaves': 140, 'min_data_in_leaf': 63, 'feature_fraction': 0.8394186787838214, 'bagging_fraction': 0.7148764098192448, 'bagging_freq': 2, 'reg_alpha': 0.5815630889983946, 'reg_lambda': 8.3996722806856}. Best is trial 106 with value: 0.8001826519293718.
[I 2025-03-09 12:18:50,218] Trial 117 finished with value: 0.8001203516105585 and parameters: {'n_estimators': 445, 'learning_rate': 0.023563571350287072, 'max_depth': 9, 'num_leaves': 137, 'min_data_in_leaf': 62, 'feature_fraction': 0.806365707902749, 'bagging_fraction': 0.7075433666198531, 'bagging_freq': 2, 'reg_alpha': 0.7411675628545485, 'reg_lambda': 8.09222570971764}. Best is trial 106 with value: 0.8001826519293718.
[I 2025-03-09 12:19:03,616] Trial 118 finished with value: 0.7995216995363715 and parameters: {'n_estimators': 443, 'learning_rate': 0.024171642498180584, 'max_depth': 9, 'num_leaves': 137, 'min_data_in_leaf': 62, 'feature_fraction': 0.809589508251577, 'bagging_fraction': 0.7075473920258992, 'bagging_freq': 2, 'reg_alpha': 0.7388340389085629, 'reg_lambda': 8.070238258302139}. Best is trial 106 with value: 0.8001826519293718.
[I 2025-03-09 12:19:17,139] Trial 119 finished with value: 0.7997112204538083 and parameters: {'n_estimators': 445, 'learning_rate': 0.02360297761190299, 'max_depth': 9, 'num_leaves': 137, 'min_data_in_leaf': 62, 'feature_fraction': 0.8269760498331724, 'bagging_fraction': 0.7029808610389385, 'bagging_freq': 2, 'reg_alpha': 0.8500083090441524, 'reg_lambda': 8.181631429116415}. Best is trial 106 with value: 0.8001826519293718.
[I 2025-03-09 12:19:30,657] Trial 120 finished with value: 0.7999744143811363 and parameters: {'n_estimators': 448, 'learning_rate': 0.024778863675532493, 'max_depth': 9, 'num_leaves': 139, 'min_data_in_leaf': 61, 'feature_fraction': 0.8029274082358464, 'bagging_fraction': 0.7109316406525488, 'bagging_freq': 2, 'reg_alpha': 0.7724971567510978, 'reg_lambda': 8.463199736850001}. Best is trial 106 with value: 0.8001826519293718.
[I 2025-03-09 12:19:44,269] Trial 121 finished with value: 0.7996501404764572 and parameters: {'n_estimators': 448, 'learning_rate': 0.024624314751224563, 'max_depth': 9, 'num_leaves': 139, 'min_data_in_leaf': 61, 'feature_fraction': 0.8052609913958025, 'bagging_fraction': 0.7117348774140622, 'bagging_freq': 2, 'reg_alpha': 0.7664638783928777, 'reg_lambda': 8.806366790182757}. Best is trial 106 with value: 0.8001826519293718.
[I 2025-03-09 12:19:57,603] Trial 122 finished with value: 0.7999357974408975 and parameters: {'n_estimators': 446, 'learning_rate': 0.024861354896476145, 'max_depth': 9, 'num_leaves': 138, 'min_data_in_leaf': 59, 'feature_fraction': 0.8008180465128291, 'bagging_fraction': 0.7093339456279008, 'bagging_freq': 2, 'reg_alpha': 0.8302232005814514, 'reg_lambda': 8.495805109233958}. Best is trial 106 with value: 0.8001826519293718.
[I 2025-03-09 12:20:10,996] Trial 123 finished with value: 0.7996874183930411 and parameters: {'n_estimators': 446, 'learning_rate': 0.02484887437632677, 'max_depth': 9, 'num_leaves': 139, 'min_data_in_leaf': 57, 'feature_fraction': 0.8008311048716555, 'bagging_fraction': 0.7034477353348262, 'bagging_freq': 2, 'reg_alpha': 0.8809567658265915, 'reg_lambda': 9.200593611201306}. Best is trial 106 with value: 0.8001826519293718.
[I 2025-03-09 12:20:24,242] Trial 124 finished with value: 0.7995962715449868 and parameters: {'n_estimators': 441, 'learning_rate': 0.024409388871940593, 'max_depth': 9, 'num_leaves': 135, 'min_data_in_leaf': 59, 'feature_fraction': 0.8026684645054329, 'bagging_fraction': 0.7094027168818758, 'bagging_freq': 2, 'reg_alpha': 0.7742953707239898, 'reg_lambda': 8.423467861174188}. Best is trial 106 with value: 0.8001826519293718.
[I 2025-03-09 12:20:37,243] Trial 125 finished with value: 0.7998861463662909 and parameters: {'n_estimators': 431, 'learning_rate': 0.024994169426254393, 'max_depth': 9, 'num_leaves': 136, 'min_data_in_leaf': 60, 'feature_fraction': 0.8036089929986041, 'bagging_fraction': 0.7062917087702058, 'bagging_freq': 2, 'reg_alpha': 0.8276452076569184, 'reg_lambda': 8.629081303551331}. Best is trial 106 with value: 0.8001826519293718.
[I 2025-03-09 12:20:50,396] Trial 126 finished with value: 0.7998084472627985 and parameters: {'n_estimators': 436, 'learning_rate': 0.02384955288860081, 'max_depth': 9, 'num_leaves': 137, 'min_data_in_leaf': 58, 'feature_fraction': 0.8002659844910489, 'bagging_fraction': 0.7133327675989141, 'bagging_freq': 2, 'reg_alpha': 0.8823980630995504, 'reg_lambda': 7.850011659125358}. Best is trial 106 with value: 0.8001826519293718.
[I 2025-03-09 12:21:03,877] Trial 127 finished with value: 0.7999037079875185 and parameters: {'n_estimators': 443, 'learning_rate': 0.024348606996437115, 'max_depth': 9, 'num_leaves': 136, 'min_data_in_leaf': 60, 'feature_fraction': 0.8113425593219696, 'bagging_fraction': 0.70967180770388, 'bagging_freq': 2, 'reg_alpha': 0.7514275573737649, 'reg_lambda': 7.519027759671355}. Best is trial 106 with value: 0.8001826519293718.
[I 2025-03-09 12:21:17,431] Trial 128 finished with value: 0.7993496783696196 and parameters: {'n_estimators': 447, 'learning_rate': 0.024172447773050235, 'max_depth': 9, 'num_leaves': 139, 'min_data_in_leaf': 61, 'feature_fraction': 0.8072871185715976, 'bagging_fraction': 0.6982934390045716, 'bagging_freq': 2, 'reg_alpha': 0.8256777839118379, 'reg_lambda': 8.228317790051602}. Best is trial 106 with value: 0.8001826519293718.
[I 2025-03-09 12:21:30,775] Trial 129 finished with value: 0.8001735156968612 and parameters: {'n_estimators': 444, 'learning_rate': 0.024708273479625998, 'max_depth': 9, 'num_leaves': 134, 'min_data_in_leaf': 63, 'feature_fraction': 0.8052364308883716, 'bagging_fraction': 0.7116873362543934, 'bagging_freq': 2, 'reg_alpha': 0.6836402479085673, 'reg_lambda': 8.945145861495199}. Best is trial 106 with value: 0.8001826519293718.
[I 2025-03-09 12:21:42,024] Trial 130 finished with value: 0.7993917618903345 and parameters: {'n_estimators': 370, 'learning_rate': 0.024705051457724406, 'max_depth': 9, 'num_leaves': 134, 'min_data_in_leaf': 52, 'feature_fraction': 0.8018058227432319, 'bagging_fraction': 0.7076709448382219, 'bagging_freq': 2, 'reg_alpha': 0.7972843081820593, 'reg_lambda': 9.533678261478386}. Best is trial 106 with value: 0.8001826519293718.
[I 2025-03-09 12:21:53,388] Trial 131 finished with value: 0.7994057201192847 and parameters: {'n_estimators': 380, 'learning_rate': 0.02450719343246294, 'max_depth': 9, 'num_leaves': 135, 'min_data_in_leaf': 63, 'feature_fraction': 0.8060078625248177, 'bagging_fraction': 0.7110681925236074, 'bagging_freq': 2, 'reg_alpha': 0.6798291389103275, 'reg_lambda': 8.93696459841325}. Best is trial 106 with value: 0.8001826519293718.
[I 2025-03-09 12:22:06,422] Trial 132 finished with value: 0.7997765931834997 and parameters: {'n_estimators': 439, 'learning_rate': 0.02397566661307994, 'max_depth': 9, 'num_leaves': 134, 'min_data_in_leaf': 63, 'feature_fraction': 0.8034708046659874, 'bagging_fraction': 0.7135125842458379, 'bagging_freq': 2, 'reg_alpha': 0.6624003216760321, 'reg_lambda': 8.473644739642653}. Best is trial 106 with value: 0.8001826519293718.
[I 2025-03-09 12:22:19,992] Trial 133 finished with value: 0.7998459637919254 and parameters: {'n_estimators': 444, 'learning_rate': 0.02478063115869379, 'max_depth': 9, 'num_leaves': 120, 'min_data_in_leaf': 59, 'feature_fraction': 0.8080993720663616, 'bagging_fraction': 0.7051752943221417, 'bagging_freq': 2, 'reg_alpha': 0.10295764103454053, 'reg_lambda': 9.093382130075375}. Best is trial 106 with value: 0.8001826519293718.
[I 2025-03-09 12:22:33,637] Trial 134 finished with value: 0.7997042107299563 and parameters: {'n_estimators': 446, 'learning_rate': 0.023730589302541925, 'max_depth': 9, 'num_leaves': 133, 'min_data_in_leaf': 62, 'feature_fraction': 0.8121962190342116, 'bagging_fraction': 0.719455070180187, 'bagging_freq': 2, 'reg_alpha': 0.7442439253005563, 'reg_lambda': 8.767976781357332}. Best is trial 106 with value: 0.8001826519293718.
[I 2025-03-09 12:22:46,986] Trial 135 finished with value: 0.8000044787880535 and parameters: {'n_estimators': 442, 'learning_rate': 0.02427556089024433, 'max_depth': 9, 'num_leaves': 135, 'min_data_in_leaf': 64, 'feature_fraction': 0.8060231088384943, 'bagging_fraction': 0.7156526935365598, 'bagging_freq': 2, 'reg_alpha': 0.6466641841013127, 'reg_lambda': 7.213077595183308}. Best is trial 106 with value: 0.8001826519293718.
[I 2025-03-09 12:23:00,228] Trial 136 finished with value: 0.7999329157077706 and parameters: {'n_estimators': 442, 'learning_rate': 0.024339408831456504, 'max_depth': 9, 'num_leaves': 140, 'min_data_in_leaf': 64, 'feature_fraction': 0.8050875649473233, 'bagging_fraction': 0.7026746522150621, 'bagging_freq': 2, 'reg_alpha': 0.7251168904873472, 'reg_lambda': 7.37678963268}. Best is trial 106 with value: 0.8001826519293718.
[I 2025-03-09 12:23:13,471] Trial 137 finished with value: 0.7996969426097823 and parameters: {'n_estimators': 441, 'learning_rate': 0.024233143005078787, 'max_depth': 9, 'num_leaves': 140, 'min_data_in_leaf': 64, 'feature_fraction': 0.8062761879335056, 'bagging_fraction': 0.7025815518866455, 'bagging_freq': 2, 'reg_alpha': 0.7247262515088854, 'reg_lambda': 7.130602393737182}. Best is trial 106 with value: 0.8001826519293718.
[I 2025-03-09 12:23:26,733] Trial 138 finished with value: 0.799388173280772 and parameters: {'n_estimators': 439, 'learning_rate': 0.024014111028507305, 'max_depth': 9, 'num_leaves': 139, 'min_data_in_leaf': 64, 'feature_fraction': 0.8053248730836509, 'bagging_fraction': 0.6991143357744777, 'bagging_freq': 2, 'reg_alpha': 0.7210734251564104, 'reg_lambda': 7.4012307180220605}. Best is trial 106 with value: 0.8001826519293718.
[I 2025-03-09 12:23:39,566] Trial 139 finished with value: 0.7993928209508064 and parameters: {'n_estimators': 428, 'learning_rate': 0.02447247878915819, 'max_depth': 9, 'num_leaves': 140, 'min_data_in_leaf': 63, 'feature_fraction': 0.8083816911549144, 'bagging_fraction': 0.7013063677504552, 'bagging_freq': 2, 'reg_alpha': 0.8050764154680189, 'reg_lambda': 6.725061430207145}. Best is trial 106 with value: 0.8001826519293718.
[I 2025-03-09 12:23:52,536] Trial 140 finished with value: 0.7997366540721426 and parameters: {'n_estimators': 433, 'learning_rate': 0.023519821119774246, 'max_depth': 9, 'num_leaves': 132, 'min_data_in_leaf': 64, 'feature_fraction': 0.8044488996541513, 'bagging_fraction': 0.7077244542113343, 'bagging_freq': 2, 'reg_alpha': 0.7770943388895962, 'reg_lambda': 6.817296115022207}. Best is trial 106 with value: 0.8001826519293718.
[I 2025-03-09 12:24:05,617] Trial 141 finished with value: 0.7997207264794968 and parameters: {'n_estimators': 443, 'learning_rate': 0.024976405152114477, 'max_depth': 9, 'num_leaves': 139, 'min_data_in_leaf': 63, 'feature_fraction': 0.8017213674675959, 'bagging_fraction': 0.7126588205229708, 'bagging_freq': 2, 'reg_alpha': 0.6921220883531514, 'reg_lambda': 7.172844938945813}. Best is trial 106 with value: 0.8001826519293718.
[I 2025-03-09 12:24:19,224] Trial 142 finished with value: 0.7999805788420972 and parameters: {'n_estimators': 448, 'learning_rate': 0.02469679447663923, 'max_depth': 9, 'num_leaves': 135, 'min_data_in_leaf': 63, 'feature_fraction': 0.8022464893586946, 'bagging_fraction': 0.7045173505048855, 'bagging_freq': 2, 'reg_alpha': 0.6445650311077038, 'reg_lambda': 7.580337216272261}. Best is trial 106 with value: 0.8001826519293718.
[I 2025-03-09 12:24:33,099] Trial 143 finished with value: 0.7996535961933846 and parameters: {'n_estimators': 449, 'learning_rate': 0.024721977087926006, 'max_depth': 9, 'num_leaves': 135, 'min_data_in_leaf': 64, 'feature_fraction': 0.8147001866337776, 'bagging_fraction': 0.7055205697924861, 'bagging_freq': 2, 'reg_alpha': 0.657757818964813, 'reg_lambda': 6.436357026265878}. Best is trial 106 with value: 0.8001826519293718.
[I 2025-03-09 12:24:46,405] Trial 144 finished with value: 0.7994672595234285 and parameters: {'n_estimators': 448, 'learning_rate': 0.024278351264710056, 'max_depth': 9, 'num_leaves': 133, 'min_data_in_leaf': 63, 'feature_fraction': 0.8024513021938507, 'bagging_fraction': 0.7104199581675446, 'bagging_freq': 2, 'reg_alpha': 0.20165004156394628, 'reg_lambda': 7.61368371270575}. Best is trial 106 with value: 0.8001826519293718.
[I 2025-03-09 12:24:58,035] Trial 145 finished with value: 0.7992364030774192 and parameters: {'n_estimators': 377, 'learning_rate': 0.023761872582346563, 'max_depth': 9, 'num_leaves': 134, 'min_data_in_leaf': 63, 'feature_fraction': 0.8066055105331975, 'bagging_fraction': 0.6963144276825247, 'bagging_freq': 2, 'reg_alpha': 0.6402475407919475, 'reg_lambda': 1.3116745461305008}. Best is trial 106 with value: 0.8001826519293718.
[I 2025-03-09 12:25:11,438] Trial 146 finished with value: 0.7998774493358426 and parameters: {'n_estimators': 444, 'learning_rate': 0.024547221630464806, 'max_depth': 9, 'num_leaves': 138, 'min_data_in_leaf': 64, 'feature_fraction': 0.8043524365888676, 'bagging_fraction': 0.7151107732208626, 'bagging_freq': 2, 'reg_alpha': 0.676957112006225, 'reg_lambda': 6.960842098654414}. Best is trial 106 with value: 0.8001826519293718.
[I 2025-03-09 12:25:22,742] Trial 147 finished with value: 0.7995744988221266 and parameters: {'n_estimators': 382, 'learning_rate': 0.024021910330429722, 'max_depth': 9, 'num_leaves': 135, 'min_data_in_leaf': 62, 'feature_fraction': 0.8009892517174775, 'bagging_fraction': 0.7037881466099888, 'bagging_freq': 2, 'reg_alpha': 0.7076080763717622, 'reg_lambda': 7.352847196319286}. Best is trial 106 with value: 0.8001826519293718.
[I 2025-03-09 12:25:36,348] Trial 148 finished with value: 0.799564976498103 and parameters: {'n_estimators': 450, 'learning_rate': 0.02288362461738171, 'max_depth': 9, 'num_leaves': 136, 'min_data_in_leaf': 64, 'feature_fraction': 0.8091242850803549, 'bagging_fraction': 0.7080920921603117, 'bagging_freq': 2, 'reg_alpha': 0.7565888520504905, 'reg_lambda': 8.291014299620834}. Best is trial 106 with value: 0.8001826519293718.
[I 2025-03-09 12:25:49,795] Trial 149 finished with value: 0.7991179758727894 and parameters: {'n_estimators': 442, 'learning_rate': 0.023310147492841105, 'max_depth': 9, 'num_leaves': 135, 'min_data_in_leaf': 62, 'feature_fraction': 0.8180441870338117, 'bagging_fraction': 0.7016771957722646, 'bagging_freq': 2, 'reg_alpha': 0.32043646085608884, 'reg_lambda': 6.607903081939943}. Best is trial 106 with value: 0.8001826519293718.
[I 2025-03-09 12:26:02,628] Trial 150 finished with value: 0.7991368556881392 and parameters: {'n_estimators': 436, 'learning_rate': 0.024296799487516042, 'max_depth': 9, 'num_leaves': 121, 'min_data_in_leaf': 69, 'feature_fraction': 0.8221554137350645, 'bagging_fraction': 0.6940881828278601, 'bagging_freq': 2, 'reg_alpha': 0.6135914219671893, 'reg_lambda': 7.137679585765501}. Best is trial 106 with value: 0.8001826519293718.
[I 2025-03-09 12:26:14,128] Trial 151 finished with value: 0.799763366877266 and parameters: {'n_estimators': 385, 'learning_rate': 0.024876438738298437, 'max_depth': 9, 'num_leaves': 139, 'min_data_in_leaf': 63, 'feature_fraction': 0.8000823872292698, 'bagging_fraction': 0.7215671506505293, 'bagging_freq': 2, 'reg_alpha': 0.5744654449354816, 'reg_lambda': 7.695913030593127}. Best is trial 106 with value: 0.8001826519293718.
[I 2025-03-09 12:26:27,689] Trial 152 finished with value: 0.7996384594567316 and parameters: {'n_estimators': 446, 'learning_rate': 0.02460003127232078, 'max_depth': 9, 'num_leaves': 134, 'min_data_in_leaf': 62, 'feature_fraction': 0.804685095917998, 'bagging_fraction': 0.7166226665133341, 'bagging_freq': 2, 'reg_alpha': 0.5955708005045656, 'reg_lambda': 8.11656407132107}. Best is trial 106 with value: 0.8001826519293718.
[I 2025-03-09 12:26:41,166] Trial 153 finished with value: 0.7997370928609634 and parameters: {'n_estimators': 448, 'learning_rate': 0.023837328724784737, 'max_depth': 9, 'num_leaves': 130, 'min_data_in_leaf': 63, 'feature_fraction': 0.8027517642155126, 'bagging_fraction': 0.7112941269244711, 'bagging_freq': 2, 'reg_alpha': 0.6225035283039335, 'reg_lambda': 7.53989278272258}. Best is trial 106 with value: 0.8001826519293718.
[I 2025-03-09 12:26:54,793] Trial 154 finished with value: 0.7992455078047948 and parameters: {'n_estimators': 444, 'learning_rate': 0.01895018464926468, 'max_depth': 9, 'num_leaves': 140, 'min_data_in_leaf': 62, 'feature_fraction': 0.8074747591626892, 'bagging_fraction': 0.7062826358398075, 'bagging_freq': 2, 'reg_alpha': 0.6722845326244423, 'reg_lambda': 7.786643608033994}. Best is trial 106 with value: 0.8001826519293718.
[I 2025-03-09 12:27:08,452] Trial 155 finished with value: 0.7995186125078337 and parameters: {'n_estimators': 441, 'learning_rate': 0.024778191127582977, 'max_depth': 9, 'num_leaves': 134, 'min_data_in_leaf': 62, 'feature_fraction': 0.8427157658122021, 'bagging_fraction': 0.7251306348058598, 'bagging_freq': 2, 'reg_alpha': 0.6445219641363689, 'reg_lambda': 8.538273176716743}. Best is trial 106 with value: 0.8001826519293718.
[I 2025-03-09 12:27:19,662] Trial 156 finished with value: 0.799837327152544 and parameters: {'n_estimators': 359, 'learning_rate': 0.02356301991267893, 'max_depth': 9, 'num_leaves': 122, 'min_data_in_leaf': 61, 'feature_fraction': 0.8476178275785619, 'bagging_fraction': 0.713786724008523, 'bagging_freq': 2, 'reg_alpha': 0.7191734166949915, 'reg_lambda': 7.325325733710553}. Best is trial 106 with value: 0.8001826519293718.
