[I 2025-03-09 12:05:20,139] Trial 55 finished with value: 0.7996008075820269 and parameters: {'n_estimators': 402, 'learning_rate': 0.02175062400829057, 'max_depth': 9, 'num_leaves': 123, 'min_data_in_leaf': 66, 'feature_fraction': 0.860331950857212, 'bagging_fraction': 0.7094809678036524, 'bagging_freq': 2, 'reg_alpha': 0.4365170171388259, 'reg_lambda': 6.012573400695496}. Best is trial 35 with value: 0.7999493260325755.
[I 2025-03-09 12:05:32,309] Trial 56 finished with value: 0.7999360962348744 and parameters: {'n_estimators': 391, 'learning_rate': 0.022894815260441095, 'max_depth': 9, 'num_leaves': 125, 'min_data_in_leaf': 63, 'feature_fraction': 0.8535588186325465, 'bagging_fraction': 0.7255524895345236, 'bagging_freq': 2, 'reg_alpha': 0.38106247448798275, 'reg_lambda': 6.706473270658367}. Best is trial 35 with value: 0.7999493260325755.
[I 2025-03-09 12:05:43,752] Trial 57 finished with value: 0.7992266695726088 and parameters: {'n_estimators': 362, 'learning_rate': 0.02275599622801397, 'max_depth': 9, 'num_leaves': 125, 'min_data_in_leaf': 63, 'feature_fraction': 0.8486108770692757, 'bagging_fraction': 0.7383152645160709, 'bagging_freq': 2, 'reg_alpha': 0.27256561652198114, 'reg_lambda': 6.7233795620006775}. Best is trial 35 with value: 0.7999493260325755.
[I 2025-03-09 12:05:55,893] Trial 58 finished with value: 0.7996372675482021 and parameters: {'n_estimators': 390, 'learning_rate': 0.02482691830442709, 'max_depth': 9, 'num_leaves': 122, 'min_data_in_leaf': 62, 'feature_fraction': 0.8574229464238448, 'bagging_fraction': 0.7254982252708745, 'bagging_freq': 2, 'reg_alpha': 0.3811319012795059, 'reg_lambda': 6.289153260401575}. Best is trial 35 with value: 0.7999493260325755.
[I 2025-03-09 12:06:05,483] Trial 59 finished with value: 0.7987427797811849 and parameters: {'n_estimators': 378, 'learning_rate': 0.020435698797762712, 'max_depth': 8, 'num_leaves': 124, 'min_data_in_leaf': 61, 'feature_fraction': 0.8615637728652258, 'bagging_fraction': 0.7304824977538312, 'bagging_freq': 1, 'reg_alpha': 0.3991883420382053, 'reg_lambda': 5.5713251619578665}. Best is trial 35 with value: 0.7999493260325755.
[I 2025-03-09 12:06:17,104] Trial 60 finished with value: 0.7991814025248746 and parameters: {'n_estimators': 367, 'learning_rate': 0.022278749555019146, 'max_depth': 9, 'num_leaves': 126, 'min_data_in_leaf': 64, 'feature_fraction': 0.8543896734748563, 'bagging_fraction': 0.7477491119707599, 'bagging_freq': 2, 'reg_alpha': 0.5051819089611681, 'reg_lambda': 5.208549917004012}. Best is trial 35 with value: 0.7999493260325755.
[I 2025-03-09 12:06:30,690] Trial 61 finished with value: 0.7997573618925274 and parameters: {'n_estimators': 440, 'learning_rate': 0.023023201743173387, 'max_depth': 9, 'num_leaves': 127, 'min_data_in_leaf': 67, 'feature_fraction': 0.8527387135837147, 'bagging_fraction': 0.7186604452811546, 'bagging_freq': 2, 'reg_alpha': 0.45753992570588947, 'reg_lambda': 6.586418000626203}. Best is trial 35 with value: 0.7999493260325755.
[I 2025-03-09 12:06:44,114] Trial 62 finished with value: 0.8000313875840311 and parameters: {'n_estimators': 442, 'learning_rate': 0.02299405255919794, 'max_depth': 9, 'num_leaves': 128, 'min_data_in_leaf': 68, 'feature_fraction': 0.8442047968312997, 'bagging_fraction': 0.7170600456538863, 'bagging_freq': 2, 'reg_alpha': 0.47442323014765686, 'reg_lambda': 6.54207215050127}. Best is trial 62 with value: 0.8000313875840311.
[I 2025-03-09 12:06:57,447] Trial 63 finished with value: 0.7996297362499137 and parameters: {'n_estimators': 444, 'learning_rate': 0.02140134444911319, 'max_depth': 9, 'num_leaves': 129, 'min_data_in_leaf': 69, 'feature_fraction': 0.8356545143617603, 'bagging_fraction': 0.7160766655797585, 'bagging_freq': 2, 'reg_alpha': 0.33578927737691944, 'reg_lambda': 6.253965237134953}. Best is trial 62 with value: 0.8000313875840311.
[I 2025-03-09 12:07:11,097] Trial 64 finished with value: 0.7997972369141269 and parameters: {'n_estimators': 441, 'learning_rate': 0.023688314888499262, 'max_depth': 9, 'num_leaves': 131, 'min_data_in_leaf': 65, 'feature_fraction': 0.8457331755047364, 'bagging_fraction': 0.722564876993783, 'bagging_freq': 2, 'reg_alpha': 0.5430067830789216, 'reg_lambda': 7.305791897583685}. Best is trial 62 with value: 0.8000313875840311.
[I 2025-03-09 12:07:23,117] Trial 65 finished with value: 0.8000389061971352 and parameters: {'n_estimators': 385, 'learning_rate': 0.022828976416322772, 'max_depth': 9, 'num_leaves': 128, 'min_data_in_leaf': 64, 'feature_fraction': 0.8417162829719154, 'bagging_fraction': 0.7282641915813669, 'bagging_freq': 2, 'reg_alpha': 0.2526019963183163, 'reg_lambda': 6.855100769954101}. Best is trial 65 with value: 0.8000389061971352.
[I 2025-03-09 12:07:34,996] Trial 66 finished with value: 0.7996520789952405 and parameters: {'n_estimators': 379, 'learning_rate': 0.02206049445699986, 'max_depth': 9, 'num_leaves': 128, 'min_data_in_leaf': 61, 'feature_fraction': 0.8390599461214003, 'bagging_fraction': 0.744170572034729, 'bagging_freq': 2, 'reg_alpha': 0.25236687264000807, 'reg_lambda': 5.788706665196153}. Best is trial 65 with value: 0.8000389061971352.
[I 2025-03-09 12:07:48,436] Trial 67 finished with value: 0.7996191095076624 and parameters: {'n_estimators': 430, 'learning_rate': 0.022964766552228164, 'max_depth': 9, 'num_leaves': 130, 'min_data_in_leaf': 63, 'feature_fraction': 0.844207402603715, 'bagging_fraction': 0.728861064895478, 'bagging_freq': 2, 'reg_alpha': 0.14681840607028368, 'reg_lambda': 6.749082916583379}. Best is trial 65 with value: 0.8000389061971352.
[I 2025-03-09 12:08:00,515] Trial 68 finished with value: 0.7994182319480924 and parameters: {'n_estimators': 384, 'learning_rate': 0.021731124031160176, 'max_depth': 9, 'num_leaves': 128, 'min_data_in_leaf': 62, 'feature_fraction': 0.8330309554284308, 'bagging_fraction': 0.7367347573053591, 'bagging_freq': 2, 'reg_alpha': 0.04220429846833329, 'reg_lambda': 3.1163344870245826}. Best is trial 65 with value: 0.8000389061971352.
[I 2025-03-09 12:08:13,641] Trial 69 finished with value: 0.7997120979688012 and parameters: {'n_estimators': 420, 'learning_rate': 0.022435626511381007, 'max_depth': 9, 'num_leaves': 129, 'min_data_in_leaf': 64, 'feature_fraction': 0.8417442046840299, 'bagging_fraction': 0.7326127148570438, 'bagging_freq': 2, 'reg_alpha': 0.3293282781483604, 'reg_lambda': 6.437288556905406}. Best is trial 65 with value: 0.8000389061971352.
[I 2025-03-09 12:08:27,656] Trial 70 finished with value: 0.7996539145928322 and parameters: {'n_estimators': 446, 'learning_rate': 0.019721227607730533, 'max_depth': 9, 'num_leaves': 121, 'min_data_in_leaf': 68, 'feature_fraction': 0.8489782497886667, 'bagging_fraction': 0.7252650387720936, 'bagging_freq': 2, 'reg_alpha': 0.3946286873660262, 'reg_lambda': 6.047778340463844}. Best is trial 65 with value: 0.8000389061971352.
[I 2025-03-09 12:08:39,422] Trial 71 finished with value: 0.7994624920808712 and parameters: {'n_estimators': 390, 'learning_rate': 0.024067207313303498, 'max_depth': 9, 'num_leaves': 126, 'min_data_in_leaf': 65, 'feature_fraction': 0.8369282081723571, 'bagging_fraction': 0.712680344423902, 'bagging_freq': 2, 'reg_alpha': 0.4829698380087743, 'reg_lambda': 6.996896636085611}. Best is trial 65 with value: 0.8000389061971352.
[I 2025-03-09 12:08:51,963] Trial 72 finished with value: 0.7998443712669916 and parameters: {'n_estimators': 406, 'learning_rate': 0.023256525360244584, 'max_depth': 9, 'num_leaves': 125, 'min_data_in_leaf': 64, 'feature_fraction': 0.844487404895798, 'bagging_fraction': 0.7182610687424589, 'bagging_freq': 2, 'reg_alpha': 0.5481400719792455, 'reg_lambda': 6.952570863148857}. Best is trial 65 with value: 0.8000389061971352.
[I 2025-03-09 12:09:04,459] Trial 73 finished with value: 0.7995241500575722 and parameters: {'n_estimators': 404, 'learning_rate': 0.022755155074207, 'max_depth': 9, 'num_leaves': 125, 'min_data_in_leaf': 63, 'feature_fraction': 0.844324723103057, 'bagging_fraction': 0.7203158073046261, 'bagging_freq': 2, 'reg_alpha': 0.5342382842858352, 'reg_lambda': 7.475449294791829}. Best is trial 65 with value: 0.8000389061971352.
[I 2025-03-09 12:09:16,829] Trial 74 finished with value: 0.7996902251029843 and parameters: {'n_estimators': 400, 'learning_rate': 0.023127122644711125, 'max_depth': 9, 'num_leaves': 128, 'min_data_in_leaf': 64, 'feature_fraction': 0.8411604528401392, 'bagging_fraction': 0.7188279676061776, 'bagging_freq': 2, 'reg_alpha': 0.5651156943542348, 'reg_lambda': 6.3948917395331035}. Best is trial 65 with value: 0.8000389061971352.
[I 2025-03-09 12:09:30,677] Trial 75 finished with value: 0.7991438037546952 and parameters: {'n_estimators': 437, 'learning_rate': 0.018054568909137612, 'max_depth': 9, 'num_leaves': 127, 'min_data_in_leaf': 66, 'feature_fraction': 0.8479890370056177, 'bagging_fraction': 0.7267687472702702, 'bagging_freq': 2, 'reg_alpha': 0.5075047163522992, 'reg_lambda': 5.2180931425319415}. Best is trial 65 with value: 0.8000389061971352.
[I 2025-03-09 12:09:43,196] Trial 76 finished with value: 0.7990308569134661 and parameters: {'n_estimators': 407, 'learning_rate': 0.01867834491469933, 'max_depth': 9, 'num_leaves': 124, 'min_data_in_leaf': 67, 'feature_fraction': 0.8472351343431908, 'bagging_fraction': 0.7087511384195425, 'bagging_freq': 2, 'reg_alpha': 0.3693660032251443, 'reg_lambda': 8.325088425141388}. Best is trial 65 with value: 0.8000389061971352.
[I 2025-03-09 12:09:55,342] Trial 77 finished with value: 0.7996843390486239 and parameters: {'n_estimators': 392, 'learning_rate': 0.02468959368874821, 'max_depth': 9, 'num_leaves': 125, 'min_data_in_leaf': 62, 'feature_fraction': 0.8428413946101707, 'bagging_fraction': 0.7172171953614971, 'bagging_freq': 2, 'reg_alpha': 0.7250486770646868, 'reg_lambda': 6.887707170872312}. Best is trial 65 with value: 0.8000389061971352.
[I 2025-03-09 12:10:08,143] Trial 78 finished with value: 0.7993301028389651 and parameters: {'n_estimators': 412, 'learning_rate': 0.02334101862944438, 'max_depth': 9, 'num_leaves': 130, 'min_data_in_leaf': 63, 'feature_fraction': 0.8699313424443339, 'bagging_fraction': 0.7225756397202261, 'bagging_freq': 3, 'reg_alpha': 0.6205898406336509, 'reg_lambda': 9.966128334933696}. Best is trial 65 with value: 0.8000389061971352.
[I 2025-03-09 12:10:20,081] Trial 79 finished with value: 0.7996268044965117 and parameters: {'n_estimators': 385, 'learning_rate': 0.022657529446045994, 'max_depth': 9, 'num_leaves': 129, 'min_data_in_leaf': 61, 'feature_fraction': 0.8387890002053269, 'bagging_fraction': 0.7302379124439446, 'bagging_freq': 2, 'reg_alpha': 0.25062628684907756, 'reg_lambda': 7.135898448964034}. Best is trial 65 with value: 0.8000389061971352.
[I 2025-03-09 12:10:34,806] Trial 80 finished with value: 0.7995055534306156 and parameters: {'n_estimators': 419, 'learning_rate': 0.02204618443435987, 'max_depth': 10, 'num_leaves': 128, 'min_data_in_leaf': 64, 'feature_fraction': 0.8461444886543034, 'bagging_fraction': 0.7320702698763326, 'bagging_freq': 2, 'reg_alpha': 0.6602114585248147, 'reg_lambda': 5.731353263954013}. Best is trial 65 with value: 0.8000389061971352.
[I 2025-03-09 12:10:47,078] Trial 81 finished with value: 0.7997562579815142 and parameters: {'n_estimators': 396, 'learning_rate': 0.023565563021193073, 'max_depth': 9, 'num_leaves': 126, 'min_data_in_leaf': 65, 'feature_fraction': 0.849420190194126, 'bagging_fraction': 0.7159909482572213, 'bagging_freq': 2, 'reg_alpha': 0.4313725974183885, 'reg_lambda': 6.64809938461844}. Best is trial 65 with value: 0.8000389061971352.
[I 2025-03-09 12:10:59,194] Trial 82 finished with value: 0.7991316069073594 and parameters: {'n_estimators': 396, 'learning_rate': 0.02399000173527623, 'max_depth': 9, 'num_leaves': 127, 'min_data_in_leaf': 66, 'feature_fraction': 0.8527405976312546, 'bagging_fraction': 0.7124124205026059, 'bagging_freq': 2, 'reg_alpha': 0.45791931327686713, 'reg_lambda': 7.365450757375451}. Best is trial 65 with value: 0.8000389061971352.
[I 2025-03-09 12:11:11,287] Trial 83 finished with value: 0.7994570713338603 and parameters: {'n_estimators': 388, 'learning_rate': 0.02372221838782997, 'max_depth': 9, 'num_leaves': 123, 'min_data_in_leaf': 64, 'feature_fraction': 0.8442382940784646, 'bagging_fraction': 0.7231729558746013, 'bagging_freq': 2, 'reg_alpha': 0.549209047988657, 'reg_lambda': 6.1095066892746575}. Best is trial 65 with value: 0.8000389061971352.
[I 2025-03-09 12:11:23,861] Trial 84 finished with value: 0.7996449050940941 and parameters: {'n_estimators': 406, 'learning_rate': 0.022331396816032585, 'max_depth': 9, 'num_leaves': 127, 'min_data_in_leaf': 65, 'feature_fraction': 0.8504127566764804, 'bagging_fraction': 0.720309902714853, 'bagging_freq': 2, 'reg_alpha': 0.408483680793007, 'reg_lambda': 7.028383690584169}. Best is trial 65 with value: 0.8000389061971352.
[I 2025-03-09 12:11:36,194] Trial 85 finished with value: 0.7997862565963123 and parameters: {'n_estimators': 401, 'learning_rate': 0.024382164245812927, 'max_depth': 9, 'num_leaves': 126, 'min_data_in_leaf': 62, 'feature_fraction': 0.8560134442014635, 'bagging_fraction': 0.7059878381450521, 'bagging_freq': 2, 'reg_alpha': 0.482415425980669, 'reg_lambda': 7.830836411515299}. Best is trial 65 with value: 0.8000389061971352.
[I 2025-03-09 12:11:48,728] Trial 86 finished with value: 0.7996390311369826 and parameters: {'n_estimators': 394, 'learning_rate': 0.02297926935265148, 'max_depth': 9, 'num_leaves': 125, 'min_data_in_leaf': 60, 'feature_fraction': 0.8587232942624848, 'bagging_fraction': 0.7278687305103114, 'bagging_freq': 2, 'reg_alpha': 0.9125739668730919, 'reg_lambda': 6.561951531302072}. Best is trial 65 with value: 0.8000389061971352.
[I 2025-03-09 12:12:01,228] Trial 87 finished with value: 0.7996327967105267 and parameters: {'n_estimators': 399, 'learning_rate': 0.021201058800702492, 'max_depth': 9, 'num_leaves': 124, 'min_data_in_leaf': 63, 'feature_fraction': 0.8647510208031368, 'bagging_fraction': 0.7253082742729192, 'bagging_freq': 2, 'reg_alpha': 0.44284879992059856, 'reg_lambda': 7.588209618292137}. Best is trial 65 with value: 0.8000389061971352.
[I 2025-03-09 12:12:14,471] Trial 88 finished with value: 0.7996528101589422 and parameters: {'n_estimators': 437, 'learning_rate': 0.023286939420155375, 'max_depth': 9, 'num_leaves': 136, 'min_data_in_leaf': 65, 'feature_fraction': 0.8322638297004065, 'bagging_fraction': 0.7147166946203376, 'bagging_freq': 2, 'reg_alpha': 0.6036410507427671, 'reg_lambda': 9.356336613826612}. Best is trial 65 with value: 0.8000389061971352.
[I 2025-03-09 12:12:26,864] Trial 89 finished with value: 0.7995063256654472 and parameters: {'n_estimators': 403, 'learning_rate': 0.021548661272930952, 'max_depth': 9, 'num_leaves': 131, 'min_data_in_leaf': 66, 'feature_fraction': 0.854648556026251, 'bagging_fraction': 0.7180864808768552, 'bagging_freq': 2, 'reg_alpha': 0.5212290602875125, 'reg_lambda': 8.85728231342521}. Best is trial 65 with value: 0.8000389061971352.
[I 2025-03-09 12:12:38,664] Trial 90 finished with value: 0.7991274861634176 and parameters: {'n_estimators': 393, 'learning_rate': 0.024980610335415012, 'max_depth': 9, 'num_leaves': 128, 'min_data_in_leaf': 70, 'feature_fraction': 0.8269035351484504, 'bagging_fraction': 0.711814521621846, 'bagging_freq': 2, 'reg_alpha': 0.3677117480708887, 'reg_lambda': 4.82926678789503}. Best is trial 65 with value: 0.8000389061971352.
[I 2025-03-09 12:12:52,397] Trial 91 finished with value: 0.7996714781802693 and parameters: {'n_estimators': 441, 'learning_rate': 0.02362280321456639, 'max_depth': 9, 'num_leaves': 134, 'min_data_in_leaf': 64, 'feature_fraction': 0.8446924149850498, 'bagging_fraction': 0.7223925976414011, 'bagging_freq': 2, 'reg_alpha': 0.5012332244537029, 'reg_lambda': 6.85472293236523}. Best is trial 65 with value: 0.8000389061971352.
[I 2025-03-09 12:13:06,448] Trial 92 finished with value: 0.7997810155442299 and parameters: {'n_estimators': 445, 'learning_rate': 0.024544992741552814, 'max_depth': 9, 'num_leaves': 131, 'min_data_in_leaf': 65, 'feature_fraction': 0.846309377717707, 'bagging_fraction': 0.7243864319564486, 'bagging_freq': 2, 'reg_alpha': 0.5474988448511864, 'reg_lambda': 7.314025543664514}. Best is trial 65 with value: 0.8000389061971352.
[I 2025-03-09 12:13:19,702] Trial 93 finished with value: 0.7996340203109327 and parameters: {'n_estimators': 434, 'learning_rate': 0.02379087815128111, 'max_depth': 9, 'num_leaves': 132, 'min_data_in_leaf': 68, 'feature_fraction': 0.8499813262090357, 'bagging_fraction': 0.7208543398968754, 'bagging_freq': 2, 'reg_alpha': 0.5607266599026834, 'reg_lambda': 7.197422153575256}. Best is trial 65 with value: 0.8000389061971352.
[I 2025-03-09 12:13:33,152] Trial 94 finished with value: 0.7996097794806213 and parameters: {'n_estimators': 440, 'learning_rate': 0.022798168225235452, 'max_depth': 9, 'num_leaves': 129, 'min_data_in_leaf': 67, 'feature_fraction': 0.842406258917942, 'bagging_fraction': 0.7103162701447615, 'bagging_freq': 2, 'reg_alpha': 0.46651744728086986, 'reg_lambda': 8.210834574257946}. Best is trial 65 with value: 0.8000389061971352.
[I 2025-03-09 12:13:47,196] Trial 95 finished with value: 0.8000182889982894 and parameters: {'n_estimators': 450, 'learning_rate': 0.02409891749101917, 'max_depth': 9, 'num_leaves': 133, 'min_data_in_leaf': 63, 'feature_fraction': 0.839686692467167, 'bagging_fraction': 0.7162153102815818, 'bagging_freq': 2, 'reg_alpha': 0.5987913937305445, 'reg_lambda': 7.707903099538292}. Best is trial 65 with value: 0.8000389061971352.
[I 2025-03-09 12:14:00,946] Trial 96 finished with value: 0.7997506606033437 and parameters: {'n_estimators': 449, 'learning_rate': 0.02407429984263349, 'max_depth': 9, 'num_leaves': 133, 'min_data_in_leaf': 63, 'feature_fraction': 0.8370337883274066, 'bagging_fraction': 0.707895516893494, 'bagging_freq': 2, 'reg_alpha': 0.6577615969258193, 'reg_lambda': 5.940177068724897}. Best is trial 65 with value: 0.8000389061971352.
[I 2025-03-09 12:14:15,016] Trial 97 finished with value: 0.8000800374447263 and parameters: {'n_estimators': 450, 'learning_rate': 0.02329755357997845, 'max_depth': 9, 'num_leaves': 135, 'min_data_in_leaf': 62, 'feature_fraction': 0.8401525452241423, 'bagging_fraction': 0.7156864858528628, 'bagging_freq': 2, 'reg_alpha': 0.5903016096769882, 'reg_lambda': 7.805968336918906}. Best is trial 97 with value: 0.8000800374447263.
[I 2025-03-09 12:14:29,104] Trial 98 finished with value: 0.799917991427772 and parameters: {'n_estimators': 446, 'learning_rate': 0.02244609434102585, 'max_depth': 9, 'num_leaves': 136, 'min_data_in_leaf': 61, 'feature_fraction': 0.840360100638333, 'bagging_fraction': 0.7165482632185779, 'bagging_freq': 2, 'reg_alpha': 0.6294682779034884, 'reg_lambda': 7.874915698495853}. Best is trial 97 with value: 0.8000800374447263.
[I 2025-03-09 12:14:43,107] Trial 99 finished with value: 0.7996315916373082 and parameters: {'n_estimators': 447, 'learning_rate': 0.02250674888158765, 'max_depth': 9, 'num_leaves': 137, 'min_data_in_leaf': 60, 'feature_fraction': 0.8396258318865606, 'bagging_fraction': 0.7154346336526604, 'bagging_freq': 2, 'reg_alpha': 0.6342318359701985, 'reg_lambda': 7.772599029344075}. Best is trial 97 with value: 0.8000800374447263.
[I 2025-03-09 12:14:56,486] Trial 100 finished with value: 0.7990153569967017 and parameters: {'n_estimators': 443, 'learning_rate': 0.02219550045746528, 'max_depth': 9, 'num_leaves': 135, 'min_data_in_leaf': 61, 'feature_fraction': 0.835714971847582, 'bagging_fraction': 0.6970846086226167, 'bagging_freq': 2, 'reg_alpha': 0.5902249894636217, 'reg_lambda': 8.555870830971982}. Best is trial 97 with value: 0.8000800374447263.
[I 2025-03-09 12:15:10,293] Trial 101 finished with value: 0.7998990836240555 and parameters: {'n_estimators': 450, 'learning_rate': 0.023216757218626538, 'max_depth': 9, 'num_leaves': 138, 'min_data_in_leaf': 62, 'feature_fraction': 0.8369934086906655, 'bagging_fraction': 0.7182390200629475, 'bagging_freq': 2, 'reg_alpha': 0.7002298919844451, 'reg_lambda': 8.02840303851415}. Best is trial 97 with value: 0.8000800374447263.
[I 2025-03-09 12:15:23,933] Trial 102 finished with value: 0.7995717818349525 and parameters: {'n_estimators': 447, 'learning_rate': 0.02182177919498542, 'max_depth': 9, 'num_leaves': 138, 'min_data_in_leaf': 62, 'feature_fraction': 0.8374293919040047, 'bagging_fraction': 0.7168672906952493, 'bagging_freq': 2, 'reg_alpha': 0.701986065101664, 'reg_lambda': 8.066348427794281}. Best is trial 97 with value: 0.8000800374447263.
[I 2025-03-09 12:15:37,975] Trial 103 finished with value: 0.7997200460866511 and parameters: {'n_estimators': 450, 'learning_rate': 0.02274020044258389, 'max_depth': 9, 'num_leaves': 138, 'min_data_in_leaf': 62, 'feature_fraction': 0.8405400796970998, 'bagging_fraction': 0.726337364645233, 'bagging_freq': 2, 'reg_alpha': 0.7873312684210182, 'reg_lambda': 8.385657830360799}. Best is trial 97 with value: 0.8000800374447263.
[I 2025-03-09 12:15:51,612] Trial 104 finished with value: 0.7996626190628295 and parameters: {'n_estimators': 443, 'learning_rate': 0.023063524640747922, 'max_depth': 9, 'num_leaves': 135, 'min_data_in_leaf': 61, 'feature_fraction': 0.8337222527742755, 'bagging_fraction': 0.7195113209619026, 'bagging_freq': 2, 'reg_alpha': 0.7273487246677124, 'reg_lambda': 7.6099663648492095}. Best is trial 97 with value: 0.8000800374447263.
[I 2025-03-09 12:16:05,039] Trial 105 finished with value: 0.7991582400171416 and parameters: {'n_estimators': 450, 'learning_rate': 0.02421515472668193, 'max_depth': 9, 'num_leaves': 136, 'min_data_in_leaf': 63, 'feature_fraction': 0.8311884451702416, 'bagging_fraction': 0.6836908373598773, 'bagging_freq': 2, 'reg_alpha': 0.7021506496874299, 'reg_lambda': 7.96274414896078}. Best is trial 97 with value: 0.8000800374447263.
