[I 2025-03-09 12:27:33,918] Trial 157 finished with value: 0.7992337824839101 and parameters: {'n_estimators': 450, 'learning_rate': 0.01738071950625149, 'max_depth': 9, 'num_leaves': 136, 'min_data_in_leaf': 63, 'feature_fraction': 0.8448884303051817, 'bagging_fraction': 0.718475698521932, 'bagging_freq': 2, 'reg_alpha': 0.28780182388984915, 'reg_lambda': 9.295235272759305}. Best is trial 106 with value: 0.8001826519293718.
[I 2025-03-09 12:27:45,634] Trial 158 finished with value: 0.7995166572124154 and parameters: {'n_estimators': 389, 'learning_rate': 0.024076738064055497, 'max_depth': 9, 'num_leaves': 133, 'min_data_in_leaf': 63, 'feature_fraction': 0.8032069700439726, 'bagging_fraction': 0.7314182552183225, 'bagging_freq': 2, 'reg_alpha': 0.5244580561607657, 'reg_lambda': 7.929804722088977}. Best is trial 106 with value: 0.8001826519293718.
[I 2025-03-09 12:27:59,504] Trial 159 finished with value: 0.7997387303786034 and parameters: {'n_estimators': 446, 'learning_rate': 0.024333612007464697, 'max_depth': 9, 'num_leaves': 138, 'min_data_in_leaf': 64, 'feature_fraction': 0.8413791632155093, 'bagging_fraction': 0.7227163878549068, 'bagging_freq': 2, 'reg_alpha': 0.4200480745943408, 'reg_lambda': 7.003941811102249}. Best is trial 106 with value: 0.8001826519293718.
[I 2025-03-09 12:28:13,277] Trial 160 finished with value: 0.7998142144662966 and parameters: {'n_estimators': 448, 'learning_rate': 0.023392700697478026, 'max_depth': 9, 'num_leaves': 137, 'min_data_in_leaf': 61, 'feature_fraction': 0.8101264119231144, 'bagging_fraction': 0.7158464352872396, 'bagging_freq': 2, 'reg_alpha': 0.6861325017805985, 'reg_lambda': 6.266435628578699}. Best is trial 106 with value: 0.8001826519293718.
[I 2025-03-09 12:28:27,493] Trial 161 finished with value: 0.7999141887977439 and parameters: {'n_estimators': 445, 'learning_rate': 0.022740155787664536, 'max_depth': 9, 'num_leaves': 135, 'min_data_in_leaf': 61, 'feature_fraction': 0.8402699528873411, 'bagging_fraction': 0.7169795277501148, 'bagging_freq': 2, 'reg_alpha': 0.6156665296939159, 'reg_lambda': 7.920925466329663}. Best is trial 106 with value: 0.8001826519293718.
[I 2025-03-09 12:28:38,710] Trial 162 finished with value: 0.7992881688622223 and parameters: {'n_estimators': 350, 'learning_rate': 0.022455591302723826, 'max_depth': 9, 'num_leaves': 135, 'min_data_in_leaf': 55, 'feature_fraction': 0.8431779925262238, 'bagging_fraction': 0.720147462728288, 'bagging_freq': 2, 'reg_alpha': 0.6323237917318975, 'reg_lambda': 8.104850597791469}. Best is trial 106 with value: 0.8001826519293718.
[I 2025-03-09 12:28:52,219] Trial 163 finished with value: 0.7995565963334107 and parameters: {'n_estimators': 446, 'learning_rate': 0.02299243284432089, 'max_depth': 9, 'num_leaves': 136, 'min_data_in_leaf': 62, 'feature_fraction': 0.839239724836099, 'bagging_fraction': 0.7094073081637348, 'bagging_freq': 2, 'reg_alpha': 0.5729346665211602, 'reg_lambda': 7.726128769040735}. Best is trial 106 with value: 0.8001826519293718.
[I 2025-03-09 12:29:05,996] Trial 164 finished with value: 0.7996547860284786 and parameters: {'n_estimators': 442, 'learning_rate': 0.02233473066102771, 'max_depth': 9, 'num_leaves': 136, 'min_data_in_leaf': 60, 'feature_fraction': 0.852394453737645, 'bagging_fraction': 0.7127713979941599, 'bagging_freq': 2, 'reg_alpha': 0.6635845417123959, 'reg_lambda': 7.5122295176109235}. Best is trial 106 with value: 0.8001826519293718.
[I 2025-03-09 12:29:19,324] Trial 165 finished with value: 0.7997561548410516 and parameters: {'n_estimators': 438, 'learning_rate': 0.02452213757889393, 'max_depth': 9, 'num_leaves': 129, 'min_data_in_leaf': 63, 'feature_fraction': 0.8383480370304796, 'bagging_fraction': 0.7148784514424811, 'bagging_freq': 2, 'reg_alpha': 0.6262675341129071, 'reg_lambda': 8.338488309123719}. Best is trial 106 with value: 0.8001826519293718.
[I 2025-03-09 12:29:33,063] Trial 166 finished with value: 0.7995785142557873 and parameters: {'n_estimators': 448, 'learning_rate': 0.023115162194220943, 'max_depth': 9, 'num_leaves': 137, 'min_data_in_leaf': 62, 'feature_fraction': 0.8418743379912605, 'bagging_fraction': 0.6538158465330507, 'bagging_freq': 2, 'reg_alpha': 0.5972002162530198, 'reg_lambda': 7.316156754643796}. Best is trial 106 with value: 0.8001826519293718.
[I 2025-03-09 12:29:46,787] Trial 167 finished with value: 0.7998182301553718 and parameters: {'n_estimators': 444, 'learning_rate': 0.023714650059114814, 'max_depth': 9, 'num_leaves': 135, 'min_data_in_leaf': 61, 'feature_fraction': 0.8056320671896966, 'bagging_fraction': 0.7285134920389414, 'bagging_freq': 2, 'reg_alpha': 0.3804646894674667, 'reg_lambda': 7.950710194310132}. Best is trial 106 with value: 0.8001826519293718.
[I 2025-03-09 12:30:00,583] Trial 168 finished with value: 0.7994247819897371 and parameters: {'n_estimators': 450, 'learning_rate': 0.021977503339669417, 'max_depth': 9, 'num_leaves': 134, 'min_data_in_leaf': 62, 'feature_fraction': 0.8017308871020373, 'bagging_fraction': 0.7177240082697388, 'bagging_freq': 2, 'reg_alpha': 0.6497385203265146, 'reg_lambda': 8.700983452924913}. Best is trial 106 with value: 0.8001826519293718.
[I 2025-03-09 12:30:13,828] Trial 169 finished with value: 0.7995600707546296 and parameters: {'n_estimators': 424, 'learning_rate': 0.02473862037671311, 'max_depth': 9, 'num_leaves': 136, 'min_data_in_leaf': 64, 'feature_fraction': 0.8409073673464551, 'bagging_fraction': 0.7110603137338227, 'bagging_freq': 2, 'reg_alpha': 0.7355346863978871, 'reg_lambda': 2.3126831272236434}. Best is trial 106 with value: 0.8001826519293718.
[I 2025-03-09 12:30:27,731] Trial 170 finished with value: 0.7997439398472398 and parameters: {'n_estimators': 447, 'learning_rate': 0.02496747575006388, 'max_depth': 9, 'num_leaves': 138, 'min_data_in_leaf': 60, 'feature_fraction': 0.8437620492254151, 'bagging_fraction': 0.7047836267648068, 'bagging_freq': 2, 'reg_alpha': 0.8661216589706124, 'reg_lambda': 6.883849601730255}. Best is trial 106 with value: 0.8001826519293718.
[I 2025-03-09 12:30:41,674] Trial 171 finished with value: 0.7999163085547857 and parameters: {'n_estimators': 444, 'learning_rate': 0.02267963839309962, 'max_depth': 9, 'num_leaves': 136, 'min_data_in_leaf': 61, 'feature_fraction': 0.8394437473362324, 'bagging_fraction': 0.7162270516906993, 'bagging_freq': 2, 'reg_alpha': 0.6160896706097985, 'reg_lambda': 8.163161775705918}. Best is trial 106 with value: 0.8001826519293718.
[I 2025-03-09 12:30:55,185] Trial 172 finished with value: 0.7996376316379264 and parameters: {'n_estimators': 441, 'learning_rate': 0.02257345868423496, 'max_depth': 9, 'num_leaves': 136, 'min_data_in_leaf': 61, 'feature_fraction': 0.8344538799674958, 'bagging_fraction': 0.7194054996666335, 'bagging_freq': 2, 'reg_alpha': 0.6035355228305095, 'reg_lambda': 8.223145137139166}. Best is trial 106 with value: 0.8001826519293718.
[I 2025-03-09 12:31:09,070] Trial 173 finished with value: 0.7996828261274675 and parameters: {'n_estimators': 445, 'learning_rate': 0.022898235677067114, 'max_depth': 9, 'num_leaves': 135, 'min_data_in_leaf': 61, 'feature_fraction': 0.8397843071080522, 'bagging_fraction': 0.7158787842338015, 'bagging_freq': 2, 'reg_alpha': 0.14125933086918685, 'reg_lambda': 8.462269029554045}. Best is trial 106 with value: 0.8001826519293718.
[I 2025-03-09 12:31:23,077] Trial 174 finished with value: 0.7995620169515095 and parameters: {'n_estimators': 440, 'learning_rate': 0.023246192704662355, 'max_depth': 9, 'num_leaves': 137, 'min_data_in_leaf': 63, 'feature_fraction': 0.845565399120271, 'bagging_fraction': 0.7263707335030702, 'bagging_freq': 2, 'reg_alpha': 0.5849523173579988, 'reg_lambda': 7.656996088967025}. Best is trial 106 with value: 0.8001826519293718.
[I 2025-03-09 12:31:36,657] Trial 175 finished with value: 0.799879506045266 and parameters: {'n_estimators': 443, 'learning_rate': 0.022254838668572387, 'max_depth': 9, 'num_leaves': 135, 'min_data_in_leaf': 62, 'feature_fraction': 0.8374891621176743, 'bagging_fraction': 0.7233168335357154, 'bagging_freq': 2, 'reg_alpha': 0.6350463642602703, 'reg_lambda': 7.829025758933228}. Best is trial 106 with value: 0.8001826519293718.
[I 2025-03-09 12:31:50,812] Trial 176 finished with value: 0.799644152190042 and parameters: {'n_estimators': 447, 'learning_rate': 0.022693334495073474, 'max_depth': 9, 'num_leaves': 128, 'min_data_in_leaf': 59, 'feature_fraction': 0.8423551838552465, 'bagging_fraction': 0.712563809924146, 'bagging_freq': 2, 'reg_alpha': 0.6766156051612581, 'reg_lambda': 8.932920120903608}. Best is trial 106 with value: 0.8001826519293718.
[I 2025-03-09 12:32:04,435] Trial 177 finished with value: 0.7997736914063601 and parameters: {'n_estimators': 450, 'learning_rate': 0.024222313812005958, 'max_depth': 9, 'num_leaves': 136, 'min_data_in_leaf': 64, 'feature_fraction': 0.8042633894462787, 'bagging_fraction': 0.7069233783393898, 'bagging_freq': 2, 'reg_alpha': 0.5655233550677634, 'reg_lambda': 8.080450079689372}. Best is trial 106 with value: 0.8001826519293718.
[I 2025-03-09 12:32:18,096] Trial 178 finished with value: 0.7996616545117387 and parameters: {'n_estimators': 444, 'learning_rate': 0.02401065593972899, 'max_depth': 9, 'num_leaves': 137, 'min_data_in_leaf': 63, 'feature_fraction': 0.8411030921848096, 'bagging_fraction': 0.7093153695470544, 'bagging_freq': 2, 'reg_alpha': 0.6937240588137157, 'reg_lambda': 8.604000078940238}. Best is trial 106 with value: 0.8001826519293718.
[I 2025-03-09 12:32:31,726] Trial 179 finished with value: 0.799794584701028 and parameters: {'n_estimators': 446, 'learning_rate': 0.02350801062757085, 'max_depth': 9, 'num_leaves': 123, 'min_data_in_leaf': 60, 'feature_fraction': 0.8359866681277869, 'bagging_fraction': 0.7149986711465389, 'bagging_freq': 2, 'reg_alpha': 0.9182711888172643, 'reg_lambda': 7.459972785872434}. Best is trial 106 with value: 0.8001826519293718.
[I 2025-03-09 12:32:45,610] Trial 180 finished with value: 0.7997111586374807 and parameters: {'n_estimators': 448, 'learning_rate': 0.024442625758543918, 'max_depth': 9, 'num_leaves': 134, 'min_data_in_leaf': 62, 'feature_fraction': 0.8386914751647278, 'bagging_fraction': 0.7213145090957735, 'bagging_freq': 2, 'reg_alpha': 0.8125929831947134, 'reg_lambda': 7.192745331979673}. Best is trial 106 with value: 0.8001826519293718.
[I 2025-03-09 12:32:59,471] Trial 181 finished with value: 0.799713586576186 and parameters: {'n_estimators': 445, 'learning_rate': 0.022721844608920554, 'max_depth': 9, 'num_leaves': 135, 'min_data_in_leaf': 62, 'feature_fraction': 0.8402903748325371, 'bagging_fraction': 0.7181033870467843, 'bagging_freq': 2, 'reg_alpha': 0.6163994718930854, 'reg_lambda': 7.927414168072023}. Best is trial 106 with value: 0.8001826519293718.
[I 2025-03-09 12:33:13,303] Trial 182 finished with value: 0.7995420371925045 and parameters: {'n_estimators': 442, 'learning_rate': 0.02278204125937104, 'max_depth': 9, 'num_leaves': 135, 'min_data_in_leaf': 61, 'feature_fraction': 0.8401527401542206, 'bagging_fraction': 0.7168375744871219, 'bagging_freq': 2, 'reg_alpha': 0.6513162440211692, 'reg_lambda': 8.266218327189845}. Best is trial 106 with value: 0.8001826519293718.
[I 2025-03-09 12:33:27,358] Trial 183 finished with value: 0.8000951337716765 and parameters: {'n_estimators': 446, 'learning_rate': 0.023100170797452732, 'max_depth': 9, 'num_leaves': 136, 'min_data_in_leaf': 61, 'feature_fraction': 0.8435042091920261, 'bagging_fraction': 0.7137730266382396, 'bagging_freq': 2, 'reg_alpha': 0.6074652220993185, 'reg_lambda': 7.826967309577545}. Best is trial 106 with value: 0.8001826519293718.
[I 2025-03-09 12:33:40,994] Trial 184 finished with value: 0.8002185139859156 and parameters: {'n_estimators': 439, 'learning_rate': 0.023101879567571194, 'max_depth': 9, 'num_leaves': 136, 'min_data_in_leaf': 63, 'feature_fraction': 0.8436684285152778, 'bagging_fraction': 0.7136927075602983, 'bagging_freq': 2, 'reg_alpha': 0.5369481029919304, 'reg_lambda': 7.599722444857648}. Best is trial 184 with value: 0.8002185139859156.
[I 2025-03-09 12:33:54,605] Trial 185 finished with value: 0.8000570411021833 and parameters: {'n_estimators': 439, 'learning_rate': 0.023049479921010488, 'max_depth': 9, 'num_leaves': 136, 'min_data_in_leaf': 63, 'feature_fraction': 0.8439410607858152, 'bagging_fraction': 0.7116800651578644, 'bagging_freq': 2, 'reg_alpha': 0.5858085544156053, 'reg_lambda': 7.648573187112729}. Best is trial 184 with value: 0.8002185139859156.
[I 2025-03-09 12:34:08,150] Trial 186 finished with value: 0.7999873936292822 and parameters: {'n_estimators': 435, 'learning_rate': 0.023096716667197915, 'max_depth': 9, 'num_leaves': 137, 'min_data_in_leaf': 63, 'feature_fraction': 0.8444959042271989, 'bagging_fraction': 0.7115227804335127, 'bagging_freq': 2, 'reg_alpha': 0.5237375152155462, 'reg_lambda': 7.633820694883406}. Best is trial 184 with value: 0.8002185139859156.
[I 2025-03-09 12:34:21,634] Trial 187 finished with value: 0.799485526858474 and parameters: {'n_estimators': 436, 'learning_rate': 0.023097575248755307, 'max_depth': 9, 'num_leaves': 137, 'min_data_in_leaf': 63, 'feature_fraction': 0.8471541412329039, 'bagging_fraction': 0.7084779112623858, 'bagging_freq': 2, 'reg_alpha': 0.505990992684328, 'reg_lambda': 7.611457820708966}. Best is trial 184 with value: 0.8002185139859156.
[I 2025-03-09 12:34:35,165] Trial 188 finished with value: 0.7996924936534171 and parameters: {'n_estimators': 438, 'learning_rate': 0.023241940080110025, 'max_depth': 9, 'num_leaves': 138, 'min_data_in_leaf': 64, 'feature_fraction': 0.845382398621548, 'bagging_fraction': 0.7114917623049325, 'bagging_freq': 2, 'reg_alpha': 0.5369475319323485, 'reg_lambda': 7.372563329954821}. Best is trial 184 with value: 0.8002185139859156.
[I 2025-03-09 12:34:49,076] Trial 189 finished with value: 0.7998608082814048 and parameters: {'n_estimators': 439, 'learning_rate': 0.023540779155448388, 'max_depth': 9, 'num_leaves': 137, 'min_data_in_leaf': 63, 'feature_fraction': 0.8428189123410943, 'bagging_fraction': 0.7130761620324164, 'bagging_freq': 2, 'reg_alpha': 0.5571634472537089, 'reg_lambda': 7.109921397549435}. Best is trial 184 with value: 0.8002185139859156.
[I 2025-03-09 12:35:02,690] Trial 190 finished with value: 0.7998515044957917 and parameters: {'n_estimators': 435, 'learning_rate': 0.02296394788397814, 'max_depth': 9, 'num_leaves': 136, 'min_data_in_leaf': 63, 'feature_fraction': 0.8447621122408298, 'bagging_fraction': 0.7100186271359206, 'bagging_freq': 2, 'reg_alpha': 0.5311874226462298, 'reg_lambda': 6.74333450669404}. Best is trial 184 with value: 0.8002185139859156.
[I 2025-03-09 12:35:16,349] Trial 191 finished with value: 0.7997112485819301 and parameters: {'n_estimators': 440, 'learning_rate': 0.023364610872096046, 'max_depth': 9, 'num_leaves': 129, 'min_data_in_leaf': 63, 'feature_fraction': 0.8468541820447869, 'bagging_fraction': 0.7069033167856166, 'bagging_freq': 2, 'reg_alpha': 0.48103115235576643, 'reg_lambda': 7.678864011673669}. Best is trial 184 with value: 0.8002185139859156.
[I 2025-03-09 12:35:28,795] Trial 192 finished with value: 0.7994305340020976 and parameters: {'n_estimators': 398, 'learning_rate': 0.023742255756180036, 'max_depth': 9, 'num_leaves': 136, 'min_data_in_leaf': 64, 'feature_fraction': 0.8436490199096721, 'bagging_fraction': 0.7125744243896623, 'bagging_freq': 2, 'reg_alpha': 0.5739211884381727, 'reg_lambda': 7.501363295814093}. Best is trial 184 with value: 0.8002185139859156.
[I 2025-03-09 12:35:42,560] Trial 193 finished with value: 0.8000149696690789 and parameters: {'n_estimators': 442, 'learning_rate': 0.023054749131679417, 'max_depth': 9, 'num_leaves': 139, 'min_data_in_leaf': 63, 'feature_fraction': 0.8443879868317069, 'bagging_fraction': 0.7140901691583672, 'bagging_freq': 2, 'reg_alpha': 0.5873180556814076, 'reg_lambda': 7.221895889304298}. Best is trial 184 with value: 0.8002185139859156.
[I 2025-03-09 12:35:56,350] Trial 194 finished with value: 0.799620594727191 and parameters: {'n_estimators': 442, 'learning_rate': 0.02308431909277831, 'max_depth': 9, 'num_leaves': 140, 'min_data_in_leaf': 65, 'feature_fraction': 0.8458069336252542, 'bagging_fraction': 0.714015052218304, 'bagging_freq': 2, 'reg_alpha': 0.547206032528647, 'reg_lambda': 7.231497985925601}. Best is trial 184 with value: 0.8002185139859156.
[I 2025-03-09 12:36:10,084] Trial 195 finished with value: 0.8000661708902975 and parameters: {'n_estimators': 438, 'learning_rate': 0.023299793632715164, 'max_depth': 9, 'num_leaves': 139, 'min_data_in_leaf': 63, 'feature_fraction': 0.8415163398705979, 'bagging_fraction': 0.7115244352134013, 'bagging_freq': 2, 'reg_alpha': 0.5864499403102695, 'reg_lambda': 6.98992140440769}. Best is trial 184 with value: 0.8002185139859156.
[I 2025-03-09 12:36:23,715] Trial 196 finished with value: 0.7996671200261606 and parameters: {'n_estimators': 438, 'learning_rate': 0.02333611622092022, 'max_depth': 9, 'num_leaves': 139, 'min_data_in_leaf': 63, 'feature_fraction': 0.8440406189449627, 'bagging_fraction': 0.7111921982194278, 'bagging_freq': 2, 'reg_alpha': 0.5829910214870899, 'reg_lambda': 6.439854649431068}. Best is trial 184 with value: 0.8002185139859156.
[I 2025-03-09 12:36:37,183] Trial 197 finished with value: 0.7995964629203085 and parameters: {'n_estimators': 433, 'learning_rate': 0.023018260406404378, 'max_depth': 9, 'num_leaves': 138, 'min_data_in_leaf': 63, 'feature_fraction': 0.8420591849406359, 'bagging_fraction': 0.7091417006304567, 'bagging_freq': 2, 'reg_alpha': 0.505898834712823, 'reg_lambda': 6.977708646759307}. Best is trial 184 with value: 0.8002185139859156.
[I 2025-03-09 12:36:50,983] Trial 198 finished with value: 0.7994935238351859 and parameters: {'n_estimators': 437, 'learning_rate': 0.023394778849661603, 'max_depth': 9, 'num_leaves': 139, 'min_data_in_leaf': 62, 'feature_fraction': 0.8423325246297781, 'bagging_fraction': 0.7142154804271442, 'bagging_freq': 2, 'reg_alpha': 0.5921115653121527, 'reg_lambda': 6.639640246228407}. Best is trial 184 with value: 0.8002185139859156.
[I 2025-03-09 12:37:04,926] Trial 199 finished with value: 0.8000223450368283 and parameters: {'n_estimators': 448, 'learning_rate': 0.023173673740449024, 'max_depth': 9, 'num_leaves': 139, 'min_data_in_leaf': 64, 'feature_fraction': 0.8437098224270939, 'bagging_fraction': 0.7117829966300259, 'bagging_freq': 2, 'reg_alpha': 0.5207152111533951, 'reg_lambda': 7.097598749259687}. Best is trial 184 with value: 0.8002185139859156.
Best trial:
  Value:  0.8002185139859156
  Params: 
    n_estimators: 439
    learning_rate: 0.023101879567571194
    max_depth: 9
    num_leaves: 136
    min_data_in_leaf: 63
    feature_fraction: 0.8436684285152778
    bagging_fraction: 0.7136927075602983
    bagging_freq: 2
    reg_alpha: 0.5369481029919304
    reg_lambda: 7.599722444857648



    import optuna
import lightgbm as lgb
from sklearn.model_selection import cross_val_score, StratifiedKFold
import numpy as np

def objective(trial):
    params = {
        'n_estimators': trial.suggest_int('n_estimators', 350, 450),
        'learning_rate': trial.suggest_float('learning_rate', 0.015, 0.025, log=True),
        'max_depth': trial.suggest_int('max_depth', 8, 10),
        'num_leaves': trial.suggest_int('num_leaves', 120, 140),
        'min_data_in_leaf': trial.suggest_int('min_data_in_leaf', 50, 70),
        'feature_fraction': trial.suggest_float('feature_fraction', 0.80, 0.87),
        'bagging_fraction': trial.suggest_float('bagging_fraction', 0.65, 0.75),
        'bagging_freq': trial.suggest_int('bagging_freq', 1, 3),
        'reg_alpha': trial.suggest_float('reg_alpha', 0.0, 1.0),
        'reg_lambda': trial.suggest_float('reg_lambda', 1.0, 10.0),
        'random_state': 42,
        'eval_metric': 'auc'
    }
     
    model = lgb.LGBMClassifier(**params)
    cv = StratifiedKFold(n_splits=3, shuffle=True, random_state=42)
    auc = cross_val_score(model, X_train, y_train, scoring='roc_auc', cv=cv, n_jobs=-1).mean()
    return auc

# Create the study (we want to maximize AUROC)
study = optuna.create_study(direction='maximize')
study.optimize(objective, n_trials=200)

print("Best trial:")
print("  Value: ", study.best_trial.value)
print("  Params: ")
for key, value in study.best_trial.params.items():
    print(f"    {key}: {value}")
