[I 2025-03-11 08:38:15,302] Trial 38 finished with value: 0.7914023535080557 and parameters: {'n_estimators': 517, 'max_depth': 19, 'min_samples_split': 5, 'min_samples_leaf': 3}. Best is trial 6 with value: 0.7914406154412253.
[I 2025-03-11 08:44:31,268] Trial 39 finished with value: 0.7897241191056017 and parameters: {'n_estimators': 507, 'max_depth': 16, 'min_samples_split': 7, 'min_samples_leaf': 2}. Best is trial 6 with value: 0.7914406154412253.
[I 2025-03-11 08:51:13,886] Trial 40 finished with value: 0.7911048477372702 and parameters: {'n_estimators': 516, 'max_depth': 20, 'min_samples_split': 4, 'min_samples_leaf': 4}. Best is trial 6 with value: 0.7914406154412253.
[I 2025-03-11 08:59:18,864] Trial 41 finished with value: 0.7914036081606959 and parameters: {'n_estimators': 515, 'max_depth': 19, 'min_samples_split': 5, 'min_samples_leaf': 3}. Best is trial 6 with value: 0.7914406154412253.
[I 2025-03-11 09:06:01,684] Trial 42 finished with value: 0.7914369639084823 and parameters: {'n_estimators': 512, 'max_depth': 19, 'min_samples_split': 5, 'min_samples_leaf': 3}. Best is trial 6 with value: 0.7914406154412253.
[I 2025-03-11 09:12:40,181] Trial 43 finished with value: 0.7914406154412253 and parameters: {'n_estimators': 510, 'max_depth': 19, 'min_samples_split': 5, 'min_samples_leaf': 3}. Best is trial 6 with value: 0.7914406154412253.
[I 2025-03-11 09:19:18,339] Trial 44 finished with value: 0.7914369639084823 and parameters: {'n_estimators': 512, 'max_depth': 19, 'min_samples_split': 5, 'min_samples_leaf': 3}. Best is trial 6 with value: 0.7914406154412253.
[I 2025-03-11 09:25:54,558] Trial 45 finished with value: 0.7907216936493725 and parameters: {'n_estimators': 500, 'max_depth': 19, 'min_samples_split': 6, 'min_samples_leaf': 2}. Best is trial 6 with value: 0.7914406154412253.
[I 2025-03-11 09:32:25,887] Trial 46 finished with value: 0.7911937172431298 and parameters: {'n_estimators': 511, 'max_depth': 18, 'min_samples_split': 5, 'min_samples_leaf': 3}. Best is trial 6 with value: 0.7914406154412253.
[I 2025-03-11 09:38:43,487] Trial 47 finished with value: 0.7902544501559049 and parameters: {'n_estimators': 510, 'max_depth': 17, 'min_samples_split': 4, 'min_samples_leaf': 4}. Best is trial 6 with value: 0.7914406154412253.
[I 2025-03-11 09:45:28,735] Trial 48 finished with value: 0.7913301091614089 and parameters: {'n_estimators': 504, 'max_depth': 20, 'min_samples_split': 5, 'min_samples_leaf': 2}. Best is trial 6 with value: 0.7914406154412253.
[I 2025-03-11 09:51:57,133] Trial 49 finished with value: 0.7914965850091513 and parameters: {'n_estimators': 499, 'max_depth': 19, 'min_samples_split': 5, 'min_samples_leaf': 3}. Best is trial 49 with value: 0.7914965850091513.
[I 2025-03-11 09:58:18,362] Trial 50 finished with value: 0.7911274662232453 and parameters: {'n_estimators': 499, 'max_depth': 18, 'min_samples_split': 7, 'min_samples_leaf': 3}. Best is trial 49 with value: 0.7914965850091513.
[I 2025-03-11 10:04:41,437] Trial 51 finished with value: 0.7914322328562922 and parameters: {'n_estimators': 492, 'max_depth': 19, 'min_samples_split': 5, 'min_samples_leaf': 3}. Best is trial 49 with value: 0.7914965850091513.
[I 2025-03-11 10:11:05,873] Trial 52 finished with value: 0.7914648858660812 and parameters: {'n_estimators': 494, 'max_depth': 19, 'min_samples_split': 5, 'min_samples_leaf': 3}. Best is trial 49 with value: 0.7914965850091513.
[I 2025-03-11 10:17:44,751] Trial 53 finished with value: 0.7914628276379027 and parameters: {'n_estimators': 495, 'max_depth': 19, 'min_samples_split': 5, 'min_samples_leaf': 3}. Best is trial 49 with value: 0.7914965850091513.
[I 2025-03-11 10:25:05,242] Trial 54 finished with value: 0.7914628276379027 and parameters: {'n_estimators': 495, 'max_depth': 19, 'min_samples_split': 5, 'min_samples_leaf': 3}. Best is trial 49 with value: 0.7914965850091513.
[I 2025-03-11 10:31:36,039] Trial 55 finished with value: 0.7914628276379027 and parameters: {'n_estimators': 495, 'max_depth': 19, 'min_samples_split': 5, 'min_samples_leaf': 3}. Best is trial 49 with value: 0.7914965850091513.
[I 2025-03-11 10:38:27,604] Trial 56 finished with value: 0.7904514206414837 and parameters: {'n_estimators': 496, 'max_depth': 18, 'min_samples_split': 5, 'min_samples_leaf': 4}. Best is trial 49 with value: 0.7914965850091513.
[I 2025-03-11 10:44:53,826] Trial 57 finished with value: 0.7914648858660812 and parameters: {'n_estimators': 494, 'max_depth': 19, 'min_samples_split': 6, 'min_samples_leaf': 3}. Best is trial 49 with value: 0.7914965850091513.
[I 2025-03-11 10:51:31,527] Trial 58 finished with value: 0.7907011756571312 and parameters: {'n_estimators': 493, 'max_depth': 20, 'min_samples_split': 6, 'min_samples_leaf': 2}. Best is trial 49 with value: 0.7914965850091513.
[I 2025-03-11 10:57:51,380] Trial 59 finished with value: 0.7913947236552168 and parameters: {'n_estimators': 488, 'max_depth': 19, 'min_samples_split': 6, 'min_samples_leaf': 3}. Best is trial 49 with value: 0.7914965850091513.
[I 2025-03-11 11:04:07,109] Trial 60 finished with value: 0.790702827963435 and parameters: {'n_estimators': 495, 'max_depth': 19, 'min_samples_split': 6, 'min_samples_leaf': 4}. Best is trial 49 with value: 0.7914965850091513.
[I 2025-03-11 11:10:32,541] Trial 61 finished with value: 0.7914703570492729 and parameters: {'n_estimators': 497, 'max_depth': 19, 'min_samples_split': 5, 'min_samples_leaf': 3}. Best is trial 49 with value: 0.7914965850091513.
[I 2025-03-11 11:16:59,004] Trial 62 finished with value: 0.7914703570492729 and parameters: {'n_estimators': 497, 'max_depth': 19, 'min_samples_split': 5, 'min_samples_leaf': 3}. Best is trial 49 with value: 0.7914965850091513.
[I 2025-03-11 11:23:25,281] Trial 63 finished with value: 0.7915014789267897 and parameters: {'n_estimators': 498, 'max_depth': 19, 'min_samples_split': 5, 'min_samples_leaf': 3}. Best is trial 63 with value: 0.7915014789267897.
[I 2025-03-11 11:29:51,257] Trial 64 finished with value: 0.7914703570492729 and parameters: {'n_estimators': 497, 'max_depth': 19, 'min_samples_split': 5, 'min_samples_leaf': 3}. Best is trial 63 with value: 0.7915014789267897.
[I 2025-03-11 11:36:18,514] Trial 65 finished with value: 0.7915014789267897 and parameters: {'n_estimators': 498, 'max_depth': 19, 'min_samples_split': 5, 'min_samples_leaf': 3}. Best is trial 63 with value: 0.7915014789267897.
[I 2025-03-11 11:42:40,241] Trial 66 finished with value: 0.7911626828754026 and parameters: {'n_estimators': 498, 'max_depth': 18, 'min_samples_split': 5, 'min_samples_leaf': 3}. Best is trial 63 with value: 0.7915014789267897.
[I 2025-03-11 11:49:07,373] Trial 67 finished with value: 0.7915014789267897 and parameters: {'n_estimators': 498, 'max_depth': 19, 'min_samples_split': 5, 'min_samples_leaf': 3}. Best is trial 63 with value: 0.7915014789267897.
[I 2025-03-11 11:55:50,563] Trial 68 finished with value: 0.7913218767867851 and parameters: {'n_estimators': 501, 'max_depth': 20, 'min_samples_split': 5, 'min_samples_leaf': 2}. Best is trial 63 with value: 0.7915014789267897.
[I 2025-03-11 12:03:20,447] Trial 69 finished with value: 0.7915014789267897 and parameters: {'n_estimators': 498, 'max_depth': 19, 'min_samples_split': 5, 'min_samples_leaf': 3}. Best is trial 63 with value: 0.7915014789267897.
[I 2025-03-11 12:10:04,109] Trial 70 finished with value: 0.7915014789267897 and parameters: {'n_estimators': 498, 'max_depth': 19, 'min_samples_split': 5, 'min_samples_leaf': 3}. Best is trial 63 with value: 0.7915014789267897.
[I 2025-03-11 12:16:34,718] Trial 71 finished with value: 0.7915014789267897 and parameters: {'n_estimators': 498, 'max_depth': 19, 'min_samples_split': 5, 'min_samples_leaf': 3}. Best is trial 63 with value: 0.7915014789267897.
[I 2025-03-11 12:23:03,544] Trial 72 finished with value: 0.7914787401056272 and parameters: {'n_estimators': 500, 'max_depth': 19, 'min_samples_split': 5, 'min_samples_leaf': 3}. Best is trial 63 with value: 0.7915014789267897.
[I 2025-03-11 12:29:32,384] Trial 73 finished with value: 0.7914941878548747 and parameters: {'n_estimators': 501, 'max_depth': 19, 'min_samples_split': 5, 'min_samples_leaf': 3}. Best is trial 63 with value: 0.7915014789267897.
[I 2025-03-11 12:36:07,563] Trial 74 finished with value: 0.7914810867786057 and parameters: {'n_estimators': 502, 'max_depth': 19, 'min_samples_split': 5, 'min_samples_leaf': 3}. Best is trial 63 with value: 0.7915014789267897.
[I 2025-03-11 12:42:35,813] Trial 75 finished with value: 0.7914965850091513 and parameters: {'n_estimators': 499, 'max_depth': 19, 'min_samples_split': 5, 'min_samples_leaf': 3}. Best is trial 63 with value: 0.7915014789267897.
[I 2025-03-11 12:48:47,536] Trial 76 finished with value: 0.7907701596649476 and parameters: {'n_estimators': 499, 'max_depth': 18, 'min_samples_split': 5, 'min_samples_leaf': 5}. Best is trial 63 with value: 0.7915014789267897.
[I 2025-03-11 12:55:16,442] Trial 77 finished with value: 0.7914965850091513 and parameters: {'n_estimators': 499, 'max_depth': 19, 'min_samples_split': 5, 'min_samples_leaf': 3}. Best is trial 63 with value: 0.7915014789267897.
[I 2025-03-11 13:01:52,156] Trial 78 finished with value: 0.7911905468971863 and parameters: {'n_estimators': 498, 'max_depth': 20, 'min_samples_split': 5, 'min_samples_leaf': 3}. Best is trial 63 with value: 0.7915014789267897.
[I 2025-03-11 13:08:05,120] Trial 79 finished with value: 0.7906977207842616 and parameters: {'n_estimators': 491, 'max_depth': 19, 'min_samples_split': 5, 'min_samples_leaf': 4}. Best is trial 63 with value: 0.7915014789267897.
[I 2025-03-11 13:14:36,244] Trial 80 finished with value: 0.7915009646075265 and parameters: {'n_estimators': 503, 'max_depth': 19, 'min_samples_split': 5, 'min_samples_leaf': 3}. Best is trial 63 with value: 0.7915014789267897.
[I 2025-03-11 13:21:07,170] Trial 81 finished with value: 0.7915009646075265 and parameters: {'n_estimators': 503, 'max_depth': 19, 'min_samples_split': 5, 'min_samples_leaf': 3}. Best is trial 63 with value: 0.7915014789267897.
[I 2025-03-11 13:27:39,079] Trial 82 finished with value: 0.7915009646075265 and parameters: {'n_estimators': 503, 'max_depth': 19, 'min_samples_split': 5, 'min_samples_leaf': 3}. Best is trial 63 with value: 0.7915014789267897.
[I 2025-03-11 13:34:11,173] Trial 83 finished with value: 0.7915009646075265 and parameters: {'n_estimators': 503, 'max_depth': 19, 'min_samples_split': 5, 'min_samples_leaf': 3}. Best is trial 63 with value: 0.7915014789267897.
[I 2025-03-11 13:40:42,359] Trial 84 finished with value: 0.7914826554545795 and parameters: {'n_estimators': 504, 'max_depth': 19, 'min_samples_split': 5, 'min_samples_leaf': 3}. Best is trial 63 with value: 0.7915014789267897.
[I 2025-03-11 13:47:15,581] Trial 85 finished with value: 0.791431467118748 and parameters: {'n_estimators': 506, 'max_depth': 19, 'min_samples_split': 5, 'min_samples_leaf': 3}. Best is trial 63 with value: 0.7915014789267897.
[I 2025-03-11 13:53:44,974] Trial 86 finished with value: 0.7914941878548747 and parameters: {'n_estimators': 501, 'max_depth': 19, 'min_samples_split': 5, 'min_samples_leaf': 3}. Best is trial 63 with value: 0.7915014789267897.
[I 2025-03-11 14:00:24,133] Trial 87 finished with value: 0.7911742503589366 and parameters: {'n_estimators': 503, 'max_depth': 19, 'min_samples_split': 5, 'min_samples_leaf': 2}. Best is trial 63 with value: 0.7915014789267897.
[I 2025-03-11 14:06:50,772] Trial 88 finished with value: 0.7911705389100157 and parameters: {'n_estimators': 505, 'max_depth': 18, 'min_samples_split': 5, 'min_samples_leaf': 3}. Best is trial 63 with value: 0.7915014789267897.
[I 2025-03-11 14:13:19,234] Trial 89 finished with value: 0.7914787401056272 and parameters: {'n_estimators': 500, 'max_depth': 19, 'min_samples_split': 5, 'min_samples_leaf': 3}. Best is trial 63 with value: 0.7915014789267897.
[I 2025-03-11 14:19:50,220] Trial 90 finished with value: 0.7915014789267897 and parameters: {'n_estimators': 498, 'max_depth': 19, 'min_samples_split': 5, 'min_samples_leaf': 3}. Best is trial 63 with value: 0.7915014789267897.
[I 2025-03-11 14:26:19,189] Trial 91 finished with value: 0.7915014789267897 and parameters: {'n_estimators': 498, 'max_depth': 19, 'min_samples_split': 5, 'min_samples_leaf': 3}. Best is trial 63 with value: 0.7915014789267897.
[I 2025-03-11 14:32:44,659] Trial 92 finished with value: 0.7914705953978016 and parameters: {'n_estimators': 496, 'max_depth': 19, 'min_samples_split': 5, 'min_samples_leaf': 3}. Best is trial 63 with value: 0.7915014789267897.
[I 2025-03-11 14:39:12,549] Trial 93 finished with value: 0.7914703570492729 and parameters: {'n_estimators': 497, 'max_depth': 19, 'min_samples_split': 5, 'min_samples_leaf': 3}. Best is trial 63 with value: 0.7915014789267897.
[I 2025-03-11 14:45:39,718] Trial 94 finished with value: 0.7915014789267897 and parameters: {'n_estimators': 498, 'max_depth': 19, 'min_samples_split': 5, 'min_samples_leaf': 3}. Best is trial 63 with value: 0.7915014789267897.
[I 2025-03-11 14:52:07,149] Trial 95 finished with value: 0.7915014789267897 and parameters: {'n_estimators': 498, 'max_depth': 19, 'min_samples_split': 5, 'min_samples_leaf': 3}. Best is trial 63 with value: 0.7915014789267897.
[I 2025-03-11 14:58:38,478] Trial 96 finished with value: 0.7911905468971863 and parameters: {'n_estimators': 498, 'max_depth': 20, 'min_samples_split': 5, 'min_samples_leaf': 3}. Best is trial 63 with value: 0.7915014789267897.
[I 2025-03-11 15:04:51,019] Trial 97 finished with value: 0.7908080606784061 and parameters: {'n_estimators': 496, 'max_depth': 17, 'min_samples_split': 5, 'min_samples_leaf': 3}. Best is trial 63 with value: 0.7915014789267897.
[I 2025-03-11 15:11:19,238] Trial 98 finished with value: 0.7914787401056272 and parameters: {'n_estimators': 500, 'max_depth': 19, 'min_samples_split': 5, 'min_samples_leaf': 3}. Best is trial 63 with value: 0.7915014789267897.
[I 2025-03-11 15:17:45,301] Trial 99 finished with value: 0.7914490112497639 and parameters: {'n_estimators': 493, 'max_depth': 19, 'min_samples_split': 5, 'min_samples_leaf': 3}. Best is trial 63 with value: 0.7915014789267897.
Best trial:
  AUROC:  0.7915014789267897
    n_estimators: 498
    max_depth: 19
    min_samples_split: 5
    min_samples_leaf: 3


    def objective(trial):
    params = {
        'n_estimators': trial.suggest_int('n_estimators', 480, 520),
        'max_depth': trial.suggest_int('max_depth', 16, 20),
        'min_samples_split': trial.suggest_int('min_samples_split', 4, 7),
        'min_samples_leaf': trial.suggest_int('min_samples_leaf', 1, 5),
        'max_features': 'sqrt',
        'random_state': 42
    }
    
    model = RandomForestClassifier(**params, n_jobs=-1)
    cv = StratifiedKFold(n_splits=5, shuffle=True, random_state=42)
    auc = cross_val_score(model, X_train_processed, y_train, scoring='roc_auc', cv=cv, n_jobs=-1).mean()
    return auc

study = optuna.create_study(direction='maximize')
study.optimize(objective, n_trials=100)

print("Best trial:")
print("  AUROC: ", study.best_trial.value)
for key, value in study.best_trial.params.items():
    print(f"    {key}: {value}")
